#
# A fatal error has been detected by the Java Runtime Environment:
#
#  SIGBUS (0x7) at pc=0x00007a03db111e8e, pid=808577, tid=808589
#
# JRE version: OpenJDK Runtime Environment (23.0+36) (build 23+36-2368)
# Java VM: OpenJDK 64-Bit Server VM (23+36-2368, mixed mode, sharing, tiered, compressed oops, compressed class ptrs, g1 gc, linux-amd64)
# Problematic frame:
# V  [libjvm.so+0xd11e8e]  PerfLongVariant::sample()+0x1e
#
# No core dump will be written. Core dumps have been disabled. To enable core dumping, try "ulimit -c unlimited" before starting Java again
#
# If you would like to submit a bug report, please visit:
#   https://bugreport.java.com/bugreport/crash.jsp
#

---------------  S U M M A R Y ------------

Command Line: -javaagent:/home/hiroshi/.local/share/JetBrains/Toolbox/apps/intellij-idea-community-edition/lib/idea_rt.jar=44635:/home/hiroshi/.local/share/JetBrains/Toolbox/apps/intellij-idea-community-edition/bin -Dfile.encoding=UTF-8 -Dsun.stdout.encoding=UTF-8 -Dsun.stderr.encoding=UTF-8 com.hiroshi.spring_api.SpringApiApplication

Host: Intel(R) Core(TM) i7-10700F CPU @ 2.90GHz, 16 cores, 31G, Zorin OS 17.2
Time: Sun Jan 19 18:04:23 2025 -03 elapsed time: 208.515643 seconds (0d 0h 3m 28s)

---------------  T H R E A D  ---------------

Current thread (0x00007a03d412bcf0):  WatcherThread "VM Periodic Task Thread" [id=808589, stack(0x00007a03b09f1000,0x00007a03b0af1000) (1024K)]

Stack: [0x00007a03b09f1000,0x00007a03b0af1000],  sp=0x00007a03b0aefce0,  free space=1019k
Native frames: (J=compiled Java code, j=interpreted, Vv=VM code, C=native code)
V  [libjvm.so+0xd11e8e]  PerfLongVariant::sample()+0x1e
V  [libjvm.so+0xdc80f2]  StatSamplerTask::task()+0x32
V  [libjvm.so+0xe7b95d]  PeriodicTask::real_time_tick(int)+0x5d
V  [libjvm.so+0xc9f747]  WatcherThread::run()+0x87
V  [libjvm.so+0xeb2f4f]  Thread::call_run()+0x9f
V  [libjvm.so+0xccec85]  thread_native_entry(Thread*)+0xd5

siginfo: si_signo: 7 (SIGBUS), si_code: 2 (BUS_ADRERR), si_addr: 0x00007a03dbca27e8

Registers:
RAX=0x000000308a6019fb, RBX=0x00007a03dbca27e8, RCX=0x0000000000000000, RDX=0x0000000000000000
RSP=0x00007a03b0aefce0, RBP=0x00007a03b0aefcf0, RSI=0x0000000000000000, RDI=0x0000000000000000
R8 =0x0000000000000000, R9 =0x0000000000000000, R10=0x0000000000000000, R11=0x0000000000000000
R12=0x00007a03d4030750, R13=0x0000000000000001, R14=0x0000000000000002, R15=0x00007a03db88b8e0
RIP=0x00007a03db111e8e, EFLAGS=0x0000000000010202, CSGSFS=0x002b000000000033, ERR=0x0000000000000007
  TRAPNO=0x000000000000000e


Register to memory mapping:

RAX=0x000000308a6019fb is an unknown value
RBX=0x00007a03dbca27e8 points into unknown readable memory: 0x0000003087644196 | 96 41 64 87 30 00 00 00
RCX=0x0 is null
RDX=0x0 is null
RSP=0x00007a03b0aefce0 points into unknown readable memory: 0x00007a03b0aefd10 | 10 fd ae b0 03 7a 00 00
RBP=0x00007a03b0aefcf0 points into unknown readable memory: 0x00007a03b0aefd10 | 10 fd ae b0 03 7a 00 00
RSI=0x0 is null
RDI=0x0 is null
R8 =0x0 is null
R9 =0x0 is null
R10=0x0 is null
R11=0x0 is null
R12=0x00007a03d4030750 points into unknown readable memory: 0x00007a03d4030770 | 70 07 03 d4 03 7a 00 00
R13=0x0000000000000001 is an unknown value
R14=0x0000000000000002 is an unknown value
R15=0x00007a03db88b8e0: <offset 0x000000000148b8e0> in /home/hiroshi/.asdf/installs/java/openjdk-23/lib/server/libjvm.so at 0x00007a03da400000

Top of Stack: (sp=0x00007a03b0aefce0)
0x00007a03b0aefce0:   00007a03b0aefd10 0000000000000001
0x00007a03b0aefcf0:   00007a03b0aefd10 00007a03db1c80f2
0x00007a03b0aefd00:   0000000000000032 0000000000000032
0x00007a03b0aefd10:   00007a03b0aefd60 00007a03db27b95d
0x00007a03b0aefd20:   000270a04d5a104f 00007a03db87a678
0x00007a03b0aefd30:   00007a03dba93720 0000000000000032
0x00007a03b0aefd40:   00007a03d412bcf0 0000000000100000
0x00007a03b0aefd50:   00007a03dba947d0 00007a03da3fe870
0x00007a03b0aefd60:   00007a03b0aefdc0 00007a03db09f747
0x00007a03b0aefd70:   00007a03b0aefdc0 00007a03b09f1000
0x00007a03b0aefd80:   0000000000100000 00007a03db0cca82
0x00007a03b0aefd90:   6f69726550204d56 0073615420636964
0x00007a03b0aefda0:   00007a03b0aefdc0 d08e97444dfe8700
0x00007a03b0aefdb0:   00007a03d412bcf0 00007a03b09f1000
0x00007a03b0aefdc0:   00007a03b0aefe20 00007a03db2b2f4f
0x00007a03b0aefdd0:   0000000000000000 00000000b0af0640
0x00007a03b0aefde0:   00007a03d412c9e0 0000000000000000
0x00007a03b0aefdf0:   00007a03b0aefe20 00007a03db085f19
0x00007a03b0aefe00:   00007a03b0aefe50 00007a03d412c910
0x00007a03b0aefe10:   00007a03d412c9e0 00007a03d412bcf0
0x00007a03b0aefe20:   00007a03b0aefe50 00007a03db0cec85
0x00007a03b0aefe30:   0000000000000000 00007a03b0af0640
0x00007a03b0aefe40:   00007a03b0af0640 0000000000000016
0x00007a03b0aefe50:   0000000000000000 00007a03dba94ac3
0x00007a03b0aefe60:   0000000000000000 00007a03b0af0640
0x00007a03b0aefe70:   00007a03da3fe710 787ead60ac061c19
0x00007a03b0aefe80:   00007a03b0af0640 0000000000000016
0x00007a03b0aefe90:   00007a03dba947d0 00007a03da3fe870
0x00007a03b0aefea0:   8c79cc3d50c61c19 8c791a323d841c19
0x00007a03b0aefeb0:   0000000000000000 0000000000000000
0x00007a03b0aefec0:   0000000000000000 0000000000000000
0x00007a03b0aefed0:   0000000000000000 d08e97444dfe8700 

Instructions: (pc=0x00007a03db111e8e)
0x00007a03db111d8e:   00 04 00 00 00 48 83 c4 08 5b 41 5c 41 5d 41 5e
0x00007a03db111d9e:   41 5f 5d c3 66 0f 1f 44 00 00 f0 83 04 24 00 48
0x00007a03db111dae:   8b 83 48 04 00 00 a8 01 0f 84 69 ff ff ff 31 d2
0x00007a03db111dbe:   be 01 00 00 00 48 89 df e8 05 c1 06 00 8b 83 40
0x00007a03db111dce:   04 00 00 a8 0c 0f 84 5a ff ff ff 48 89 df e8 ff
0x00007a03db111dde:   f2 bd ff e9 4d ff ff ff 66 2e 0f 1f 84 00 00 00
0x00007a03db111dee:   00 00 48 89 df e8 e8 f2 bd ff e9 be fe ff ff 0f
0x00007a03db111dfe:   1f 00 31 d2 be 01 00 00 00 48 89 df e8 c1 c0 06
0x00007a03db111e0e:   00 e9 99 fe ff ff 0f 1f 40 00 48 89 df e8 f0 e5
0x00007a03db111e1e:   bd ff e9 5d fe ff ff 48 8d 05 e4 c0 6f 00 48 8d
0x00007a03db111e2e:   0d cd b1 36 00 48 8d 15 dc b1 36 00 be 35 01 00
0x00007a03db111e3e:   00 48 8d 3d 92 3c 3c 00 48 8b 00 c6 00 58 31 c0
0x00007a03db111e4e:   e8 ed ab 97 ff 66 66 66 66 2e 0f 1f 84 00 00 00
0x00007a03db111e5e:   00 00 0f 1f 84 00 00 00 00 00 00 00 00 00 00 00
0x00007a03db111e6e:   00 00 48 8b 47 30 48 85 c0 74 27 55 48 89 e5 53
0x00007a03db111e7e:   48 83 ec 08 48 8b 10 48 8b 5f 28 48 89 c7 ff 12
0x00007a03db111e8e:   48 89 03 48 8b 5d f8 c9 c3 66 0f 1f 84 00 00 00
0x00007a03db111e9e:   00 00 c3 90 66 66 2e 0f 1f 84 00 00 00 00 00 0f
0x00007a03db111eae:   1f 00 55 48 8d 05 50 1c 6f 00 48 89 e5 41 57 49
0x00007a03db111ebe:   89 d7 41 56 41 55 4c 63 ee 41 54 53 48 89 fb 48
0x00007a03db111ece:   83 ec 18 44 89 47 10 89 4f 14 48 89 07 48 8d 05
0x00007a03db111ede:   de 9d 70 00 48 c7 47 08 00 00 00 00 4e 8b 34 e8
0x00007a03db111eee:   c6 47 18 00 48 c7 47 28 00 00 00 00 48 89 d7 e8
0x00007a03db111efe:   6e 13 58 ff 4c 89 f7 48 89 45 c8 e8 62 13 58 ff
0x00007a03db111f0e:   48 8b 55 c8 be 09 00 00 00 4c 8d 4c 02 02 31 d2
0x00007a03db111f1e:   4c 89 cf 4c 89 4d c8 e8 56 eb 6e ff 41 83 fd 1b
0x00007a03db111f2e:   4c 8b 4d c8 48 89 43 08 48 89 c7 74 55 48 8d 15
0x00007a03db111f3e:   3b 00 35 00 4d 89 f8 4c 89 f1 4c 89 ce 31 c0 4d
0x00007a03db111f4e:   89 ec e8 fb f9 fa ff 49 69 c5 56 55 55 55 44 89
0x00007a03db111f5e:   ea c1 fa 1f 48 c1 e8 20 29 d0 8d 04 40 41 29 c4
0x00007a03db111f6e:   41 83 fc 01 77 58 b8 01 00 00 00 89 43 1c 48 83
0x00007a03db111f7e:   c4 18 5b 41 5c 41 5d 41 5e 41 5f 5d c3 0f 1f 44 


Stack slot to memory mapping:

stack at sp + 0 slots: 0x00007a03b0aefd10 points into unknown readable memory: 0x00007a03b0aefd60 | 60 fd ae b0 03 7a 00 00
stack at sp + 1 slots: 0x0000000000000001 is an unknown value
stack at sp + 2 slots: 0x00007a03b0aefd10 points into unknown readable memory: 0x00007a03b0aefd60 | 60 fd ae b0 03 7a 00 00
stack at sp + 3 slots: 0x00007a03db1c80f2: <offset 0x0000000000dc80f2> in /home/hiroshi/.asdf/installs/java/openjdk-23/lib/server/libjvm.so at 0x00007a03da400000
stack at sp + 4 slots: 0x0000000000000032 is an unknown value
stack at sp + 5 slots: 0x0000000000000032 is an unknown value
stack at sp + 6 slots: 0x00007a03b0aefd60 points into unknown readable memory: 0x00007a03b0aefdc0 | c0 fd ae b0 03 7a 00 00
stack at sp + 7 slots: 0x00007a03db27b95d: <offset 0x0000000000e7b95d> in /home/hiroshi/.asdf/installs/java/openjdk-23/lib/server/libjvm.so at 0x00007a03da400000


---------------  P R O C E S S  ---------------

Threads class SMR info:
_java_thread_list=0x00007a030c07efa0, length=30, elements={
0x00007a03d4148990, 0x00007a03d4149f00, 0x00007a03d414b710, 0x00007a03d414cd50,
0x00007a03d414e2f0, 0x00007a03d414fe90, 0x00007a03d4159590, 0x00007a03d416aa30,
0x00007a03d44bc4e0, 0x00007a03d44bd380, 0x00007a02e0c00790, 0x00007a0274001190,
0x00007a02e0c01ef0, 0x00007a02e0d7fa00, 0x00007a02e0d54890, 0x00007a02e1e2f2f0,
0x00007a02e1e34900, 0x00007a02e1e3c640, 0x00007a02e1e3d720, 0x00007a02e1e3e8b0,
0x00007a02e1e3f930, 0x00007a02e1e409b0, 0x00007a02e1e43130, 0x00007a02e1e442f0,
0x00007a02e1e455a0, 0x00007a02e1e46850, 0x00007a02e1e479d0, 0x00007a02e1e4a810,
0x00007a02e1e51000, 0x00007a03d402df20
}

Java Threads: ( => current thread )
  0x00007a03d4148990 JavaThread "Reference Handler"          daemon [_thread_blocked, id=808599, stack(0x00007a03b07ef000,0x00007a03b08ef000) (1024K)]
  0x00007a03d4149f00 JavaThread "Finalizer"                  daemon [_thread_blocked, id=808600, stack(0x00007a03b06ef000,0x00007a03b07ef000) (1024K)]
  0x00007a03d414b710 JavaThread "Signal Dispatcher"          daemon [_thread_blocked, id=808601, stack(0x00007a03b05ef000,0x00007a03b06ef000) (1024K)]
  0x00007a03d414cd50 JavaThread "Service Thread"             daemon [_thread_blocked, id=808602, stack(0x00007a03b04ef000,0x00007a03b05ef000) (1024K)]
  0x00007a03d414e2f0 JavaThread "Monitor Deflation Thread"   daemon [_thread_blocked, id=808603, stack(0x00007a03b03ef000,0x00007a03b04ef000) (1024K)]
  0x00007a03d414fe90 JavaThread "C2 CompilerThread0"         daemon [_thread_blocked, id=808604, stack(0x00007a03b02ef000,0x00007a03b03ef000) (1024K)]
  0x00007a03d4159590 JavaThread "C1 CompilerThread0"         daemon [_thread_blocked, id=808605, stack(0x00007a03b01ef000,0x00007a03b02ef000) (1024K)]
  0x00007a03d416aa30 JavaThread "Common-Cleaner"             daemon [_thread_blocked, id=808608, stack(0x00007a03b001f000,0x00007a03b011f000) (1024K)]
  0x00007a03d44bc4e0 JavaThread "Monitor Ctrl-Break"         daemon [_thread_in_native, id=808615, stack(0x00007a03aad00000,0x00007a03aae00000) (1024K)]
  0x00007a03d44bd380 JavaThread "Notification Thread"        daemon [_thread_blocked, id=808616, stack(0x00007a03aac00000,0x00007a03aad00000) (1024K)]
  0x00007a02e0c00790 JavaThread "Catalina-utility-1"                [_thread_blocked, id=808655, stack(0x00007a03a9bf5000,0x00007a03a9cf5000) (1024K)]
  0x00007a0274001190 JavaThread "Catalina-utility-2"                [_thread_blocked, id=808656, stack(0x00007a03a99f5000,0x00007a03a9af5000) (1024K)]
  0x00007a02e0c01ef0 JavaThread "container-0"                       [_thread_blocked, id=808657, stack(0x00007a03a93f2000,0x00007a03a94f2000) (1024K)]
  0x00007a02e0d7fa00 JavaThread "PostgreSQL-JDBC-Cleaner"    daemon [_thread_blocked, id=808659, stack(0x00007a03a92f2000,0x00007a03a93f2000) (1024K)]
  0x00007a02e0d54890 JavaThread "HikariPool-1 housekeeper"   daemon [_thread_blocked, id=808660, stack(0x00007a03a91f2000,0x00007a03a92f2000) (1024K)]
  0x00007a02e1e2f2f0 JavaThread "File Watcher"               daemon [_thread_blocked, id=808691, stack(0x00007a03a8ff2000,0x00007a03a90f2000) (1024K)]
  0x00007a02e1e34900 JavaThread "Live Reload Server"         daemon [_thread_in_native, id=808693, stack(0x00007a03a8df2000,0x00007a03a8ef2000) (1024K)]
  0x00007a02e1e3c640 JavaThread "http-nio-8080-exec-1"       daemon [_thread_blocked, id=808694, stack(0x00007a03a8ef2000,0x00007a03a8ff2000) (1024K)]
  0x00007a02e1e3d720 JavaThread "http-nio-8080-exec-2"       daemon [_thread_blocked, id=808695, stack(0x00007a03a8cf2000,0x00007a03a8df2000) (1024K)]
  0x00007a02e1e3e8b0 JavaThread "http-nio-8080-exec-3"       daemon [_thread_blocked, id=808696, stack(0x00007a03a8bf2000,0x00007a03a8cf2000) (1024K)]
  0x00007a02e1e3f930 JavaThread "http-nio-8080-exec-4"       daemon [_thread_blocked, id=808697, stack(0x00007a03a8af2000,0x00007a03a8bf2000) (1024K)]
  0x00007a02e1e409b0 JavaThread "http-nio-8080-exec-5"       daemon [_thread_blocked, id=808698, stack(0x00007a03a89f2000,0x00007a03a8af2000) (1024K)]
  0x00007a02e1e43130 JavaThread "http-nio-8080-exec-6"       daemon [_thread_blocked, id=808699, stack(0x00007a03a88f2000,0x00007a03a89f2000) (1024K)]
  0x00007a02e1e442f0 JavaThread "http-nio-8080-exec-7"       daemon [_thread_blocked, id=808700, stack(0x00007a03a87f2000,0x00007a03a88f2000) (1024K)]
  0x00007a02e1e455a0 JavaThread "http-nio-8080-exec-8"       daemon [_thread_blocked, id=808701, stack(0x00007a03a86f2000,0x00007a03a87f2000) (1024K)]
  0x00007a02e1e46850 JavaThread "http-nio-8080-exec-9"       daemon [_thread_blocked, id=808702, stack(0x00007a03a85f2000,0x00007a03a86f2000) (1024K)]
  0x00007a02e1e479d0 JavaThread "http-nio-8080-exec-10"      daemon [_thread_blocked, id=808703, stack(0x00007a03a84f2000,0x00007a03a85f2000) (1024K)]
  0x00007a02e1e4a810 JavaThread "http-nio-8080-Poller"       daemon [_thread_in_native, id=808704, stack(0x00007a03a83f2000,0x00007a03a84f2000) (1024K)]
  0x00007a02e1e51000 JavaThread "http-nio-8080-Acceptor"     daemon [_thread_in_native, id=808705, stack(0x00007a03a82f2000,0x00007a03a83f2000) (1024K)]
  0x00007a03d402df20 JavaThread "DestroyJavaVM"                     [_thread_blocked, id=808580, stack(0x00007a03da300000,0x00007a03da400000) (1024K)]
Total: 30

Other Threads:
  0x00007a03d413df90 VMThread "VM Thread"                           [id=808597, stack(0x00007a03b08f0000,0x00007a03b09f0000) (1024K)]
=>0x00007a03d412bcf0 WatcherThread "VM Periodic Task Thread"        [id=808589, stack(0x00007a03b09f1000,0x00007a03b0af1000) (1024K)]
  0x00007a03d4059930 WorkerThread "GC Thread#0"                     [id=808581, stack(0x00007a03d8240000,0x00007a03d8340000) (1024K)]
  0x00007a03400095a0 WorkerThread "GC Thread#1"                     [id=808622, stack(0x00007a03aa700000,0x00007a03aa800000) (1024K)]
  0x00007a0340009fd0 WorkerThread "GC Thread#2"                     [id=808623, stack(0x00007a03aa5ff000,0x00007a03aa6ff000) (1024K)]
  0x00007a034000aa00 WorkerThread "GC Thread#3"                     [id=808624, stack(0x00007a03aa4fe000,0x00007a03aa5fe000) (1024K)]
  0x00007a034000b430 WorkerThread "GC Thread#4"                     [id=808625, stack(0x00007a03aa3fd000,0x00007a03aa4fd000) (1024K)]
  0x00007a034000be60 WorkerThread "GC Thread#5"                     [id=808626, stack(0x00007a03aa2fc000,0x00007a03aa3fc000) (1024K)]
  0x00007a034000c890 WorkerThread "GC Thread#6"                     [id=808627, stack(0x00007a03aa1fb000,0x00007a03aa2fb000) (1024K)]
  0x00007a034000d2c0 WorkerThread "GC Thread#7"                     [id=808628, stack(0x00007a03aa0fa000,0x00007a03aa1fa000) (1024K)]
  0x00007a034000dd10 WorkerThread "GC Thread#8"                     [id=808629, stack(0x00007a03a9ff9000,0x00007a03aa0f9000) (1024K)]
  0x00007a034000e870 WorkerThread "GC Thread#9"                     [id=808630, stack(0x00007a03a9ef8000,0x00007a03a9ff8000) (1024K)]
  0x00007a034000f3d0 WorkerThread "GC Thread#10"                    [id=808631, stack(0x00007a03a9df7000,0x00007a03a9ef7000) (1024K)]
  0x00007a034000ff30 WorkerThread "GC Thread#11"                    [id=808632, stack(0x00007a03a9cf6000,0x00007a03a9df6000) (1024K)]
  0x00007a0340012e40 WorkerThread "GC Thread#12"                    [id=808654, stack(0x00007a03a94f3000,0x00007a03a95f3000) (1024K)]
  0x00007a03d406e770 ConcurrentGCThread "G1 Main Marker"            [id=808582, stack(0x00007a03d813f000,0x00007a03d823f000) (1024K)]
  0x00007a03d406f620 WorkerThread "G1 Conc#0"                       [id=808583, stack(0x00007a03d803e000,0x00007a03d813e000) (1024K)]
  0x00007a03a4000cf0 WorkerThread "G1 Conc#1"                       [id=808652, stack(0x00007a03a96f5000,0x00007a03a97f5000) (1024K)]
  0x00007a03a4001570 WorkerThread "G1 Conc#2"                       [id=808653, stack(0x00007a03a95f4000,0x00007a03a96f4000) (1024K)]
  0x00007a03d4119520 ConcurrentGCThread "G1 Refine#0"               [id=808585, stack(0x00007a03b0bf3000,0x00007a03b0cf3000) (1024K)]
  0x00007a03d411a4e0 ConcurrentGCThread "G1 Service"                [id=808586, stack(0x00007a03b0af2000,0x00007a03b0bf2000) (1024K)]
Total: 21

Threads with active compile tasks:
Total: 0

VM state: not at safepoint (normal execution)

VM Mutex/Monitor currently owned by a thread:  ([mutex/lock_event])
[0x00007a03db87a678] PeriodicTask_lock - owner thread: 0x00007a03d412bcf0

Heap address: 0x000000060bc00000, size: 8004 MB, Compressed Oops mode: Zero based, Oop shift amount: 3

CDS archive(s) mapped at: [0x00007a0352000000-0x00007a0352d8e000-0x00007a0352d8e000), size 14213120, SharedBaseAddress: 0x00007a0352000000, ArchiveRelocationMode: 1.
Compressed class space mapped at: 0x00007a0353000000-0x00007a0393000000, reserved size: 1073741824
Narrow klass base: 0x00007a0352000000, Narrow klass shift: 0, Narrow klass range: 0x100000000

GC Precious Log:
 CardTable entry size: 512
 Card Set container configuration: InlinePtr #cards 4 size 8 Array Of Cards #cards 32 size 80 Howl #buckets 8 coarsen threshold 7372 Howl Bitmap #cards 1024 size 144 coarsen threshold 921 Card regions per heap region 1 cards per card region 8192
 CPUs: 16 total, 16 available
 Memory: 32015M
 Large Page Support: Disabled
 NUMA Support: Disabled
 Compressed Oops: Enabled (Zero based)
 Heap Region Size: 4M
 Heap Min Capacity: 8M
 Heap Initial Capacity: 504M
 Heap Max Capacity: 8004M
 Pre-touch: Disabled
 Parallel Workers: 13
 Concurrent Workers: 3
 Concurrent Refinement Workers: 13
 Periodic GC: Disabled

Heap:
 garbage-first heap   total reserved 8196096K, committed 81920K, used 50165K [0x000000060bc00000, 0x0000000800000000)
  region size 4096K, 8 young (32768K), 2 survivors (8192K)
 Metaspace       used 70421K, committed 71168K, reserved 1114112K
  class space    used 9828K, committed 10176K, reserved 1048576K

Heap Regions: E=young(eden), S=young(survivor), O=old, HS=humongous(starts), HC=humongous(continues), CS=collection set, F=free, TAMS=top-at-mark-start, PB=parsable bottom
|   0|0x000000060bc00000, 0x000000060bd840d8, 0x000000060c000000| 37%| O|  |TAMS 0x000000060bc00000| PB 0x000000060bc00000| Untracked |  0
|   1|0x000000060c000000, 0x000000060c373440, 0x000000060c400000| 86%| O|  |TAMS 0x000000060c000000| PB 0x000000060c000000| Untracked |  0
|   2|0x000000060c400000, 0x000000060c800000, 0x000000060c800000|100%| O|  |TAMS 0x000000060c400000| PB 0x000000060c400000| Untracked |  0
|   3|0x000000060c800000, 0x000000060cc00000, 0x000000060cc00000|100%| O|  |TAMS 0x000000060c800000| PB 0x000000060c800000| Untracked |  0
|   4|0x000000060cc00000, 0x000000060cda7410, 0x000000060d000000| 41%| O|Cm|TAMS 0x000000060cc00000| PB 0x000000060cc00000| Complete |  0
|   5|0x000000060d000000, 0x000000060d400000, 0x000000060d400000|100%| O|  |TAMS 0x000000060d000000| PB 0x000000060d000000| Untracked |  0
|   6|0x000000060d400000, 0x000000060d800000, 0x000000060d800000|100%| O|  |TAMS 0x000000060d400000| PB 0x000000060d400000| Untracked |  0
|   7|0x000000060d800000, 0x000000060d800000, 0x000000060dc00000|  0%| F|  |TAMS 0x000000060d800000| PB 0x000000060d800000| Untracked |  0
|   8|0x000000060dc00000, 0x000000060de5ed60, 0x000000060e000000| 59%| S|CS|TAMS 0x000000060dc00000| PB 0x000000060dc00000| Complete |  0
|   9|0x000000060e000000, 0x000000060e400000, 0x000000060e400000|100%| S|CS|TAMS 0x000000060e000000| PB 0x000000060e000000| Complete |  0
|  10|0x000000060e400000, 0x000000060e400000, 0x000000060e800000|  0%| F|  |TAMS 0x000000060e400000| PB 0x000000060e400000| Untracked |  0
|  11|0x000000060e800000, 0x000000060e800000, 0x000000060ec00000|  0%| F|  |TAMS 0x000000060e800000| PB 0x000000060e800000| Untracked |  0
|  12|0x000000060ec00000, 0x000000060ec00000, 0x000000060f000000|  0%| F|  |TAMS 0x000000060ec00000| PB 0x000000060ec00000| Untracked |  0
|  13|0x000000060f000000, 0x000000060f000000, 0x000000060f400000|  0%| F|  |TAMS 0x000000060f000000| PB 0x000000060f000000| Untracked |  0
|  14|0x000000060f400000, 0x000000060f6e3d88, 0x000000060f800000| 72%| E|  |TAMS 0x000000060f400000| PB 0x000000060f400000| Complete |  0
|  15|0x000000060f800000, 0x000000060fc00000, 0x000000060fc00000|100%| E|CS|TAMS 0x000000060f800000| PB 0x000000060f800000| Complete |  0
| 112|0x0000000627c00000, 0x0000000628000000, 0x0000000628000000|100%| E|CS|TAMS 0x0000000627c00000| PB 0x0000000627c00000| Complete |  0
| 113|0x0000000628000000, 0x0000000628400000, 0x0000000628400000|100%| E|CS|TAMS 0x0000000628000000| PB 0x0000000628000000| Complete |  0
| 125|0x000000062b000000, 0x000000062b400000, 0x000000062b400000|100%| E|CS|TAMS 0x000000062b000000| PB 0x000000062b000000| Complete |  0
|2000|0x00000007ffc00000, 0x0000000800000000, 0x0000000800000000|100%| E|CS|TAMS 0x00000007ffc00000| PB 0x00000007ffc00000| Complete |  0

Card table byte_map: [0x00007a03bb800000,0x00007a03bc7a2000] _byte_map_base: 0x00007a03b87a2000

Marking Bits: (CMBitMap*) 0x00007a03d405a370
 Bits: [0x00007a03b3a00000, 0x00007a03bb710000)

Polling page: 0x00007a03dbcb3000

Metaspace:

Usage:
  Non-class:     59,17 MB used.
      Class:      9,60 MB used.
       Both:     68,77 MB used.

Virtual space:
  Non-class space:       64,00 MB reserved,      59,56 MB ( 93%) committed,  1 nodes.
      Class space:        1,00 GB reserved,       9,94 MB ( <1%) committed,  1 nodes.
             Both:        1,06 GB reserved,      69,50 MB (  6%) committed. 

Chunk freelists:
   Non-Class:  4,27 MB
       Class:  6,09 MB
        Both:  10,36 MB

MaxMetaspaceSize: unlimited
CompressedClassSpaceSize: 1,00 GB
Initial GC threshold: 21,00 MB
Current GC threshold: 99,31 MB
CDS: on
 - commit_granule_bytes: 65536.
 - commit_granule_words: 8192.
 - virtual_space_node_default_size: 8388608.
 - enlarge_chunks_in_place: 1.
 - use_allocation_guard: 0.


Internal statistics:

num_allocs_failed_limit: 14.
num_arena_births: 1026.
num_arena_deaths: 0.
num_vsnodes_births: 2.
num_vsnodes_deaths: 0.
num_space_committed: 1112.
num_space_uncommitted: 0.
num_chunks_returned_to_freelist: 14.
num_chunks_taken_from_freelist: 3604.
num_chunk_merges: 14.
num_chunk_splits: 2551.
num_chunks_enlarged: 1946.
num_inconsistent_stats: 0.

CodeHeap 'non-profiled nmethods': size=119172Kb used=3521Kb max_used=3521Kb free=115650Kb
 bounds [0x00007a03c439f000, 0x00007a03c471f000, 0x00007a03cb800000]
CodeHeap 'profiled nmethods': size=119164Kb used=9626Kb max_used=9626Kb free=109537Kb
 bounds [0x00007a03bc800000, 0x00007a03bd170000, 0x00007a03c3c5f000]
CodeHeap 'non-nmethods': size=7424Kb used=1689Kb max_used=3494Kb free=5735Kb
 bounds [0x00007a03c3c5f000, 0x00007a03c3fdf000, 0x00007a03c439f000]
CodeCache: size=245760Kb, used=14836Kb, max_used=16641Kb, free=230922Kb
 total_blobs=6998, nmethods=6242, adapters=660, full_count=0
Compilation: enabled, stopped_count=0, restarted_count=0

Compilation events (20 events):
Event: 199,401 Thread 0x00007a03d4159590 7036       3       java.util.concurrent.locks.LockSupport::park (24 bytes)
Event: 199,401 Thread 0x00007a03d4159590 nmethod 7036 0x00007a03bd15fb08 code [0x00007a03bd15fc60, 0x00007a03bd15ff70]
Event: 201,673 Thread 0x00007a03d4159590 7037       3       java.util.concurrent.ScheduledThreadPoolExecutor$ScheduledFutureTask::run (57 bytes)
Event: 201,673 Thread 0x00007a03d4159590 nmethod 7037 0x00007a03bd160008 code [0x00007a03bd1601a0, 0x00007a03bd160618]
Event: 201,673 Thread 0x00007a03d4159590 7038   !   3       java.util.concurrent.FutureTask::runAndReset (125 bytes)
Event: 201,674 Thread 0x00007a03d4159590 nmethod 7038 0x00007a03bd160688 code [0x00007a03bd160a60, 0x00007a03bd162f98]
Event: 201,674 Thread 0x00007a03d4159590 7039       3       java.util.concurrent.Executors$RunnableAdapter::call (14 bytes)
Event: 201,674 Thread 0x00007a03d4159590 nmethod 7039 0x00007a03bd163108 code [0x00007a03bd163220, 0x00007a03bd163408]
Event: 201,674 Thread 0x00007a03d4159590 7040       3       java.util.concurrent.ScheduledThreadPoolExecutor$ScheduledFutureTask::setNextRunTime (38 bytes)
Event: 201,674 Thread 0x00007a03d4159590 nmethod 7040 0x00007a03bd163488 code [0x00007a03bd1635c0, 0x00007a03bd1637d8]
Event: 201,674 Thread 0x00007a03d4159590 7041       3       java.util.concurrent.ScheduledThreadPoolExecutor::reExecutePeriodic (49 bytes)
Event: 201,674 Thread 0x00007a03d4159590 nmethod 7041 0x00007a03bd163808 code [0x00007a03bd1639c0, 0x00007a03bd164040]
Event: 201,675 Thread 0x00007a03d4159590 7042       3       java.util.concurrent.ScheduledThreadPoolExecutor$DelayedWorkQueue::siftDown (119 bytes)
Event: 201,676 Thread 0x00007a03d4159590 nmethod 7042 0x00007a03bd164088 code [0x00007a03bd164260, 0x00007a03bd165120]
Event: 201,676 Thread 0x00007a03d4159590 7045       3       java.util.concurrent.locks.AbstractQueuedSynchronizer$ConditionNode::block (15 bytes)
Event: 201,676 Thread 0x00007a03d4159590 nmethod 7045 0x00007a03bd165188 code [0x00007a03bd165300, 0x00007a03bd165898]
Event: 201,676 Thread 0x00007a03d4159590 7043       3       java.util.concurrent.ForkJoinPool::managedBlock (36 bytes)
Event: 201,676 Thread 0x00007a03d4159590 nmethod 7043 0x00007a03bd165908 code [0x00007a03bd165aa0, 0x00007a03bd166210]
Event: 201,676 Thread 0x00007a03d4159590 7044       3       java.util.concurrent.ForkJoinPool::unmanagedBlock (24 bytes)
Event: 201,676 Thread 0x00007a03d4159590 nmethod 7044 0x00007a03bd166288 code [0x00007a03bd1663e0, 0x00007a03bd166880]

GC Heap History (20 events):
Event: 0,312 GC heap before
{Heap before GC invocations=0 (full 0):
 garbage-first heap   total reserved 8196096K, committed 520192K, used 25721K [0x000000060bc00000, 0x0000000800000000)
  region size 4096K, 6 young (24576K), 0 survivors (0K)
 Metaspace       used 5411K, committed 5632K, reserved 1114112K
  class space    used 622K, committed 704K, reserved 1048576K
}
Event: 0,314 GC heap after
{Heap after GC invocations=1 (full 0):
 garbage-first heap   total reserved 8196096K, committed 520192K, used 7981K [0x000000060bc00000, 0x0000000800000000)
  region size 4096K, 1 young (4096K), 1 survivors (4096K)
 Metaspace       used 5411K, committed 5632K, reserved 1114112K
  class space    used 622K, committed 704K, reserved 1048576K
}
Event: 0,577 GC heap before
{Heap before GC invocations=1 (full 0):
 garbage-first heap   total reserved 8196096K, committed 520192K, used 28461K [0x000000060bc00000, 0x0000000800000000)
  region size 4096K, 6 young (24576K), 1 survivors (4096K)
 Metaspace       used 10787K, committed 11072K, reserved 1114112K
  class space    used 1337K, committed 1472K, reserved 1048576K
}
Event: 0,579 GC heap after
{Heap after GC invocations=2 (full 0):
 garbage-first heap   total reserved 8196096K, committed 520192K, used 10714K [0x000000060bc00000, 0x0000000800000000)
  region size 4096K, 1 young (4096K), 1 survivors (4096K)
 Metaspace       used 10787K, committed 11072K, reserved 1114112K
  class space    used 1337K, committed 1472K, reserved 1048576K
}
Event: 0,813 GC heap before
{Heap before GC invocations=2 (full 0):
 garbage-first heap   total reserved 8196096K, committed 520192K, used 47578K [0x000000060bc00000, 0x0000000800000000)
  region size 4096K, 12 young (49152K), 1 survivors (4096K)
 Metaspace       used 21202K, committed 21504K, reserved 1114112K
  class space    used 2664K, committed 2816K, reserved 1048576K
}
Event: 0,815 GC heap after
{Heap after GC invocations=3 (full 0):
 garbage-first heap   total reserved 8196096K, committed 520192K, used 13885K [0x000000060bc00000, 0x0000000800000000)
  region size 4096K, 2 young (8192K), 2 survivors (8192K)
 Metaspace       used 21202K, committed 21504K, reserved 1114112K
  class space    used 2664K, committed 2816K, reserved 1048576K
}
Event: 1,345 GC heap before
{Heap before GC invocations=4 (full 0):
 garbage-first heap   total reserved 8196096K, committed 69632K, used 63037K [0x000000060bc00000, 0x0000000800000000)
  region size 4096K, 14 young (57344K), 2 survivors (8192K)
 Metaspace       used 28325K, committed 28800K, reserved 1114112K
  class space    used 3624K, committed 3840K, reserved 1048576K
}
Event: 1,349 GC heap after
{Heap after GC invocations=5 (full 0):
 garbage-first heap   total reserved 8196096K, committed 81920K, used 18443K [0x000000060bc00000, 0x0000000800000000)
  region size 4096K, 3 young (12288K), 3 survivors (12288K)
 Metaspace       used 28325K, committed 28800K, reserved 1114112K
  class space    used 3624K, committed 3840K, reserved 1048576K
}
Event: 1,710 GC heap before
{Heap before GC invocations=5 (full 0):
 garbage-first heap   total reserved 8196096K, committed 81920K, used 51211K [0x000000060bc00000, 0x0000000800000000)
  region size 4096K, 11 young (45056K), 3 survivors (12288K)
 Metaspace       used 33875K, committed 34368K, reserved 1114112K
  class space    used 4392K, committed 4608K, reserved 1048576K
}
Event: 1,715 GC heap after
{Heap after GC invocations=6 (full 0):
 garbage-first heap   total reserved 8196096K, committed 81920K, used 21175K [0x000000060bc00000, 0x0000000800000000)
  region size 4096K, 1 young (4096K), 1 survivors (4096K)
 Metaspace       used 33875K, committed 34368K, reserved 1114112K
  class space    used 4392K, committed 4608K, reserved 1048576K
}
Event: 1,814 GC heap before
{Heap before GC invocations=6 (full 0):
 garbage-first heap   total reserved 8196096K, committed 81920K, used 29367K [0x000000060bc00000, 0x0000000800000000)
  region size 4096K, 4 young (16384K), 1 survivors (4096K)
 Metaspace       used 35638K, committed 36096K, reserved 1114112K
  class space    used 4651K, committed 4864K, reserved 1048576K
}
Event: 1,815 GC heap after
{Heap after GC invocations=7 (full 0):
 garbage-first heap   total reserved 8196096K, committed 81920K, used 21114K [0x000000060bc00000, 0x0000000800000000)
  region size 4096K, 1 young (4096K), 1 survivors (4096K)
 Metaspace       used 35638K, committed 36096K, reserved 1114112K
  class space    used 4651K, committed 4864K, reserved 1048576K
}
Event: 2,347 GC heap before
{Heap before GC invocations=8 (full 0):
 garbage-first heap   total reserved 8196096K, committed 81920K, used 57978K [0x000000060bc00000, 0x0000000800000000)
  region size 4096K, 10 young (40960K), 1 survivors (4096K)
 Metaspace       used 45061K, committed 45696K, reserved 1114112K
  class space    used 5997K, committed 6272K, reserved 1048576K
}
Event: 2,350 GC heap after
{Heap after GC invocations=9 (full 0):
 garbage-first heap   total reserved 8196096K, committed 81920K, used 23969K [0x000000060bc00000, 0x0000000800000000)
  region size 4096K, 2 young (8192K), 2 survivors (8192K)
 Metaspace       used 45061K, committed 45696K, reserved 1114112K
  class space    used 5997K, committed 6272K, reserved 1048576K
}
Event: 2,681 GC heap before
{Heap before GC invocations=9 (full 0):
 garbage-first heap   total reserved 8196096K, committed 81920K, used 60833K [0x000000060bc00000, 0x0000000800000000)
  region size 4096K, 11 young (45056K), 2 survivors (8192K)
 Metaspace       used 55164K, committed 55808K, reserved 1114112K
  class space    used 7525K, committed 7808K, reserved 1048576K
}
Event: 2,685 GC heap after
{Heap after GC invocations=10 (full 0):
 garbage-first heap   total reserved 8196096K, committed 81920K, used 24847K [0x000000060bc00000, 0x0000000800000000)
  region size 4096K, 2 young (8192K), 2 survivors (8192K)
 Metaspace       used 55164K, committed 55808K, reserved 1114112K
  class space    used 7525K, committed 7808K, reserved 1048576K
}
Event: 2,872 GC heap before
{Heap before GC invocations=10 (full 0):
 garbage-first heap   total reserved 8196096K, committed 81920K, used 41231K [0x000000060bc00000, 0x0000000800000000)
  region size 4096K, 7 young (28672K), 2 survivors (8192K)
 Metaspace       used 59977K, committed 60608K, reserved 1114112K
  class space    used 8301K, committed 8576K, reserved 1048576K
}
Event: 2,874 GC heap after
{Heap after GC invocations=11 (full 0):
 garbage-first heap   total reserved 8196096K, committed 81920K, used 26214K [0x000000060bc00000, 0x0000000800000000)
  region size 4096K, 1 young (4096K), 1 survivors (4096K)
 Metaspace       used 59977K, committed 60608K, reserved 1114112K
  class space    used 8301K, committed 8576K, reserved 1048576K
}
Event: 3,290 GC heap before
{Heap before GC invocations=12 (full 0):
 garbage-first heap   total reserved 8196096K, committed 81920K, used 63078K [0x000000060bc00000, 0x0000000800000000)
  region size 4096K, 10 young (40960K), 1 survivors (4096K)
 Metaspace       used 66040K, committed 66752K, reserved 1114112K
  class space    used 9227K, committed 9536K, reserved 1048576K
}
Event: 3,292 GC heap after
{Heap after GC invocations=13 (full 0):
 garbage-first heap   total reserved 8196096K, committed 81920K, used 29685K [0x000000060bc00000, 0x0000000800000000)
  region size 4096K, 2 young (8192K), 2 survivors (8192K)
 Metaspace       used 66040K, committed 66752K, reserved 1114112K
  class space    used 9227K, committed 9536K, reserved 1048576K
}

Dll operation events (13 events):
Event: 0,001 Loaded shared library /home/hiroshi/.asdf/installs/java/openjdk-23/lib/libjava.so
Event: 0,018 Loaded shared library /home/hiroshi/.asdf/installs/java/openjdk-23/lib/libsimdsort.so
Event: 0,018 Loaded shared library /home/hiroshi/.asdf/installs/java/openjdk-23/lib/libjsvml.so
Event: 0,054 Loaded shared library /home/hiroshi/.asdf/installs/java/openjdk-23/lib/libzip.so
Event: 0,055 Loaded shared library /home/hiroshi/.asdf/installs/java/openjdk-23/lib/libinstrument.so
Event: 0,056 Loaded shared library /home/hiroshi/.asdf/installs/java/openjdk-23/lib/libnio.so
Event: 0,057 Loaded shared library /home/hiroshi/.asdf/installs/java/openjdk-23/lib/libzip.so
Event: 0,095 Loaded shared library /home/hiroshi/.asdf/installs/java/openjdk-23/lib/libnet.so
Event: 0,098 Loaded shared library /home/hiroshi/.asdf/installs/java/openjdk-23/lib/libextnet.so
Event: 0,114 Loaded shared library /home/hiroshi/.asdf/installs/java/openjdk-23/lib/libjimage.so
Event: 0,282 Loaded shared library /home/hiroshi/.asdf/installs/java/openjdk-23/lib/libmanagement.so
Event: 0,283 Loaded shared library /home/hiroshi/.asdf/installs/java/openjdk-23/lib/libmanagement_ext.so
Event: 2,307 Loaded shared library /home/hiroshi/.asdf/installs/java/openjdk-23/lib/libverify.so

Deoptimization events (20 events):
Event: 4,547 Thread 0x00007a02e1e3c640 DEOPT PACKING pc=0x00007a03c468581c sp=0x00007a03a8fee1c0
Event: 4,547 Thread 0x00007a02e1e3c640 DEOPT UNPACKING pc=0x00007a03c3cb2bf9 sp=0x00007a03a8fedf38 mode 2
Event: 4,548 Thread 0x00007a02e1e3c640 Uncommon trap: trap_request=0xffffffde fr.pc=0x00007a03c468af20 relative=0x0000000000000c60
Event: 4,548 Thread 0x00007a02e1e3c640 Uncommon trap: reason=class_check action=maybe_recompile pc=0x00007a03c468af20 method=org.springframework.core.annotation.AnnotatedElementUtils.getAnnotationAttributes(Lorg/springframework/core/annotation/MergedAnnotation;ZZ)Lorg/springframework/core/anno
Event: 4,548 Thread 0x00007a02e1e3c640 DEOPT PACKING pc=0x00007a03c468af20 sp=0x00007a03a8fee290
Event: 4,548 Thread 0x00007a02e1e3c640 DEOPT UNPACKING pc=0x00007a03c3cb2bf9 sp=0x00007a03a8fee0e0 mode 2
Event: 4,548 Thread 0x00007a02e1e3c640 Uncommon trap: trap_request=0xffffffc6 fr.pc=0x00007a03c468581c relative=0x00000000000041bc
Event: 4,548 Thread 0x00007a02e1e3c640 Uncommon trap: reason=bimorphic_or_optimized_type_check action=maybe_recompile pc=0x00007a03c468581c method=org.springframework.core.annotation.AnnotationsScanner.processClassInheritedAnnotations(Ljava/lang/Object;Ljava/lang/Class;Lorg/springframework/cor
Event: 4,548 Thread 0x00007a02e1e3c640 DEOPT PACKING pc=0x00007a03c468581c sp=0x00007a03a8fee260
Event: 4,548 Thread 0x00007a02e1e3c640 DEOPT UNPACKING pc=0x00007a03c3cb2bf9 sp=0x00007a03a8fedfd8 mode 2
Event: 4,577 Thread 0x00007a02e1e3c640 DEOPT PACKING pc=0x00007a03bcf06a76 sp=0x00007a03a8fee380
Event: 4,577 Thread 0x00007a02e1e3c640 DEOPT UNPACKING pc=0x00007a03c3cb330f sp=0x00007a03a8fed828 mode 0
Event: 4,580 Thread 0x00007a02e1e3c640 Uncommon trap: trap_request=0xffffff45 fr.pc=0x00007a03c463cf40 relative=0x0000000000000360
Event: 4,580 Thread 0x00007a02e1e3c640 Uncommon trap: reason=unstable_if action=reinterpret pc=0x00007a03c463cf40 method=java.util.HashMap.getNode(Ljava/lang/Object;)Ljava/util/HashMap$Node; @ 131 c2
Event: 4,580 Thread 0x00007a02e1e3c640 DEOPT PACKING pc=0x00007a03c463cf40 sp=0x00007a03a8fee030
Event: 4,580 Thread 0x00007a02e1e3c640 DEOPT UNPACKING pc=0x00007a03c3cb2bf9 sp=0x00007a03a8fedf70 mode 2
Event: 4,581 Thread 0x00007a02e1e3c640 Uncommon trap: trap_request=0xffffff45 fr.pc=0x00007a03c45fb088 relative=0x00000000000001c8
Event: 4,581 Thread 0x00007a02e1e3c640 Uncommon trap: reason=unstable_if action=reinterpret pc=0x00007a03c45fb088 method=java.util.HashMap.getNode(Ljava/lang/Object;)Ljava/util/HashMap$Node; @ 131 c2
Event: 4,581 Thread 0x00007a02e1e3c640 DEOPT PACKING pc=0x00007a03c45fb088 sp=0x00007a03a8fedfd0
Event: 4,581 Thread 0x00007a02e1e3c640 DEOPT UNPACKING pc=0x00007a03c3cb2bf9 sp=0x00007a03a8fedf70 mode 2

Classes loaded (20 events):
Event: 4,470 Loading class sun/nio/ch/SelectionKeyImpl
Event: 4,470 Loading class java/nio/channels/spi/AbstractSelectionKey
Event: 4,470 Loading class java/nio/channels/SelectionKey
Event: 4,470 Loading class java/nio/channels/SelectionKey done
Event: 4,470 Loading class java/nio/channels/spi/AbstractSelectionKey done
Event: 4,470 Loading class sun/nio/ch/SelectionKeyImpl done
Event: 4,470 Loading class java/lang/invoke/ConstantBootstraps
Event: 4,470 Loading class java/lang/invoke/ConstantBootstraps done
Event: 4,514 Loading class java/time/format/DateTimeFormatterBuilder$ZoneTextPrinterParser
Event: 4,514 Loading class java/time/format/DateTimeFormatterBuilder$ZoneTextPrinterParser done
Event: 4,514 Loading class java/time/format/DateTimeFormatterBuilder$ReducedPrinterParser
Event: 4,514 Loading class java/time/format/DateTimeFormatterBuilder$ReducedPrinterParser done
Event: 4,514 Loading class java/io/PushbackInputStream
Event: 4,514 Loading class java/io/PushbackInputStream done
Event: 4,525 Loading class java/math/MathContext
Event: 4,525 Loading class java/math/MathContext done
Event: 4,560 Loading class java/util/regex/Pattern$Bound
Event: 4,560 Loading class java/util/regex/Pattern$Bound done
Event: 4,579 Loading class java/util/stream/DoubleStream
Event: 4,580 Loading class java/util/stream/DoubleStream done

Classes unloaded (0 events):
No events

Classes redefined (0 events):
No events

Internal exceptions (20 events):
Event: 2,913 Thread 0x00007a02e80024e0 Exception <a 'java/lang/NoSuchMethodError'{0x00000007fff6b6d8}: 'java.lang.Object java.lang.invoke.DirectMethodHandle$Holder.newInvokeSpecial(java.lang.Object, java.lang.Object, java.lang.Object, java.lang.Object, java.lang.Object, java.lang.Object, java.lang.Object, int)'> (0x00000007fff6b6d8) 
thrown [open/src/hotspot/share/interpreter/linkResolver.cpp, line 795]
Event: 2,914 Thread 0x00007a02e80024e0 Exception <a 'java/lang/NoSuchMethodError'{0x00000007fff6fc58}: 'java.lang.Object java.lang.invoke.DirectMethodHandle$Holder.invokeSpecial(java.lang.Object, java.lang.Object, java.lang.Object, java.lang.Object, java.lang.Object, java.lang.Object, java.lang.Object, java.lang.Object, int)'> (0x00000007fff6fc58) 
thrown [open/src/hotspot/share/interpreter/linkResolver.cpp, line 795]
Event: 2,914 Thread 0x00007a02e80024e0 Exception <a 'java/lang/NoSuchMethodError'{0x00000007fff73c40}: 'java.lang.Object java.lang.invoke.Invokers$Holder.linkToTargetMethod(java.lang.Object, java.lang.Object, java.lang.Object, java.lang.Object, java.lang.Object, java.lang.Object, int, java.lang.Object)'> (0x00000007fff73c40) 
thrown [open/src/hotspot/share/interpreter/linkResolver.cpp, line 795]
Event: 2,922 Thread 0x00007a02e80024e0 Exception <a 'java/lang/NoSuchMethodError'{0x000000062b035298}: 'void java.lang.invoke.DirectMethodHandle$Holder.invokeInterface(java.lang.Object, java.lang.Object)'> (0x000000062b035298) 
thrown [open/src/hotspot/share/interpreter/linkResolver.cpp, line 795]
Event: 2,948 Thread 0x00007a02e80024e0 Exception <a 'java/lang/NoSuchMethodError'{0x000000062b2d40f8}: 'void java.lang.invoke.Invokers$Holder.invokeExact_MT(java.lang.Object, java.lang.Object, java.lang.Object, java.lang.Object)'> (0x000000062b2d40f8) 
thrown [open/src/hotspot/share/interpreter/linkResolver.cpp, line 795]
Event: 2,985 Thread 0x00007a02e80024e0 Implicit null exception at 0x00007a03c4654480 to 0x00007a03c465636c
Event: 2,988 Thread 0x00007a02e80024e0 Exception <a 'java/lang/IncompatibleClassChangeError'{0x00000006283d0d08}: Found class java.lang.Object, but interface was expected> (0x00000006283d0d08) 
thrown [open/src/hotspot/share/interpreter/linkResolver.cpp, line 863]
Event: 3,004 Thread 0x00007a02e80024e0 Exception <a 'java/lang/IncompatibleClassChangeError'{0x0000000627d4acd0}: Found class java.lang.Object, but interface was expected> (0x0000000627d4acd0) 
thrown [open/src/hotspot/share/interpreter/linkResolver.cpp, line 863]
Event: 3,076 Thread 0x00007a02e80024e0 Exception <a 'java/lang/IncompatibleClassChangeError'{0x000000060fb37508}: Found class java.lang.Object, but interface was expected> (0x000000060fb37508) 
thrown [open/src/hotspot/share/interpreter/linkResolver.cpp, line 863]
Event: 3,117 Thread 0x00007a02e80024e0 Exception <a 'java/lang/NoSuchMethodError'{0x000000060f2f4b88}: 'java.lang.Object java.lang.invoke.DirectMethodHandle$Holder.invokeInterface(java.lang.Object, java.lang.Object, java.lang.Object, java.lang.Object)'> (0x000000060f2f4b88) 
thrown [open/src/hotspot/share/interpreter/linkResolver.cpp, line 795]
Event: 3,142 Thread 0x00007a02e80024e0 Exception <a 'java/lang/NoSuchMethodError'{0x000000060ece7cf8}: 'java.lang.Object java.lang.invoke.DirectMethodHandle$Holder.newInvokeSpecial(java.lang.Object, java.lang.Object, java.lang.Object, java.lang.Object, java.lang.Object, java.lang.Object, java.lang.Object, java.lang.Object)'> (0x000000060ece7cf8) 
thrown [open/src/hotspot/share/interpreter/linkResolver.cpp, line 795]
Event: 3,259 Thread 0x00007a02e80024e0 Exception <a 'java/lang/IncompatibleClassChangeError'{0x000000060e59fd38}: Found class java.lang.Object, but interface was expected> (0x000000060e59fd38) 
thrown [open/src/hotspot/share/interpreter/linkResolver.cpp, line 863]
Event: 3,284 Thread 0x00007a02e80024e0 Exception <a 'java/lang/NoSuchMethodError'{0x000000060e746408}: 'void java.lang.invoke.DirectMethodHandle$Holder.invokeVirtual(java.lang.Object, java.lang.Object, long)'> (0x000000060e746408) 
thrown [open/src/hotspot/share/interpreter/linkResolver.cpp, line 795]
Event: 3,331 Thread 0x00007a02e80024e0 Exception <a 'java/lang/IncompatibleClassChangeError'{0x00000007fff237e8}: Found class java.lang.Object, but interface was expected> (0x00000007fff237e8) 
thrown [open/src/hotspot/share/interpreter/linkResolver.cpp, line 863]
Event: 3,337 Thread 0x00007a02e80024e0 Implicit null exception at 0x00007a03c44efc6b to 0x00007a03c44efef4
Event: 3,391 Thread 0x00007a02e80024e0 Exception <a 'java/lang/NoSuchMethodError'{0x000000062b3b3b78}: 'java.lang.Object java.lang.invoke.DirectMethodHandle$Holder.newInvokeSpecial(java.lang.Object, java.lang.Object, int, java.lang.Object, java.lang.Object)'> (0x000000062b3b3b78) 
thrown [open/src/hotspot/share/interpreter/linkResolver.cpp, line 795]
Event: 4,482 Thread 0x00007a02e1e3c640 Exception <a 'java/lang/NoSuchMethodError'{0x0000000627c41c10}: 'java.lang.Object java.lang.invoke.DirectMethodHandle$Holder.invokeSpecial(java.lang.Object, java.lang.Object, java.lang.Object, java.lang.Object, java.lang.Object, long)'> (0x0000000627c41c10) 
thrown [open/src/hotspot/share/interpreter/linkResolver.cpp, line 795]
Event: 4,483 Thread 0x00007a02e1e3c640 Exception <a 'java/lang/NoSuchMethodError'{0x0000000627c453a0}: 'java.lang.Object java.lang.invoke.Invokers$Holder.linkToTargetMethod(java.lang.Object, java.lang.Object, java.lang.Object, long, java.lang.Object)'> (0x0000000627c453a0) 
thrown [open/src/hotspot/share/interpreter/linkResolver.cpp, line 795]
Event: 4,553 Thread 0x00007a02e1e3c640 Exception <a 'java/lang/NoSuchMethodError'{0x000000060fa86320}: 'java.lang.Object java.lang.invoke.DirectMethodHandle$Holder.invokeInterface(java.lang.Object, java.lang.Object, java.lang.Object, java.lang.Object, java.lang.Object)'> (0x000000060fa86320) 
thrown [open/src/hotspot/share/interpreter/linkResolver.cpp, line 795]
Event: 4,556 Thread 0x00007a02e1e3c640 Exception <a 'java/lang/NoSuchMethodError'{0x000000060fad3a20}: 'void java.lang.invoke.DirectMethodHandle$Holder.invokeSpecialIFC(java.lang.Object, java.lang.Object, int, java.lang.Object, java.lang.Object, java.lang.Object, java.lang.Object)'> (0x000000060fad3a20) 
thrown [open/src/hotspot/share/interpreter/linkResolver.cpp, line 795]

VM Operations (20 events):
Event: 3,297 Executing VM operation: HandshakeAllThreads (Deoptimize)
Event: 3,297 Executing VM operation: HandshakeAllThreads (Deoptimize) done
Event: 3,390 Executing VM operation: HandshakeAllThreads (Deoptimize)
Event: 3,390 Executing VM operation: HandshakeAllThreads (Deoptimize) done
Event: 4,469 Executing VM operation: HandshakeAllThreads (Deoptimize)
Event: 4,469 Executing VM operation: HandshakeAllThreads (Deoptimize) done
Event: 4,488 Executing VM operation: HandshakeAllThreads (Deoptimize)
Event: 4,488 Executing VM operation: HandshakeAllThreads (Deoptimize) done
Event: 4,511 Executing VM operation: HandshakeAllThreads (Deoptimize)
Event: 4,511 Executing VM operation: HandshakeAllThreads (Deoptimize) done
Event: 4,527 Executing VM operation: HandshakeAllThreads (Deoptimize)
Event: 4,527 Executing VM operation: HandshakeAllThreads (Deoptimize) done
Event: 4,543 Executing VM operation: HandshakeAllThreads (Deoptimize)
Event: 4,543 Executing VM operation: HandshakeAllThreads (Deoptimize) done
Event: 4,577 Executing VM operation: HandshakeAllThreads (Deoptimize)
Event: 4,577 Executing VM operation: HandshakeAllThreads (Deoptimize) done
Event: 60,031 Executing VM operation: HandshakeAllThreads (HandshakeForDeflation)
Event: 60,031 Executing VM operation: HandshakeAllThreads (HandshakeForDeflation) done
Event: 60,031 Executing VM operation: RendezvousGCThreads
Event: 60,031 Executing VM operation: RendezvousGCThreads done

Memory protections (20 events):
Event: 1,943 Protecting memory [0x00007a03a92f2000,0x00007a03a92f6000] with protection modes 0
Event: 1,950 Protecting memory [0x00007a03a91f2000,0x00007a03a91f6000] with protection modes 0
Event: 2,021 Protecting memory [0x00007a03a90f2000,0x00007a03a90f6000] with protection modes 0
Event: 3,379 Protecting memory [0x00007a03a8ff2000,0x00007a03a8ff6000] with protection modes 0
Event: 3,382 Protecting memory [0x00007a03a8ef2000,0x00007a03a8ef6000] with protection modes 0
Event: 3,383 Protecting memory [0x00007a03a8df2000,0x00007a03a8df6000] with protection modes 0
Event: 3,395 Protecting memory [0x00007a03a8ef2000,0x00007a03a8ef6000] with protection modes 0
Event: 3,396 Protecting memory [0x00007a03a8cf2000,0x00007a03a8cf6000] with protection modes 0
Event: 3,396 Protecting memory [0x00007a03a8bf2000,0x00007a03a8bf6000] with protection modes 0
Event: 3,396 Protecting memory [0x00007a03a8af2000,0x00007a03a8af6000] with protection modes 0
Event: 3,396 Protecting memory [0x00007a03a89f2000,0x00007a03a89f6000] with protection modes 0
Event: 3,396 Protecting memory [0x00007a03a88f2000,0x00007a03a88f6000] with protection modes 0
Event: 3,396 Protecting memory [0x00007a03a87f2000,0x00007a03a87f6000] with protection modes 0
Event: 3,396 Protecting memory [0x00007a03a86f2000,0x00007a03a86f6000] with protection modes 0
Event: 3,396 Protecting memory [0x00007a03a85f2000,0x00007a03a85f6000] with protection modes 0
Event: 3,396 Protecting memory [0x00007a03a84f2000,0x00007a03a84f6000] with protection modes 0
Event: 3,398 Protecting memory [0x00007a03a83f2000,0x00007a03a83f6000] with protection modes 0
Event: 3,399 Protecting memory [0x00007a03a82f2000,0x00007a03a82f6000] with protection modes 0
Event: 3,413 Protecting memory [0x00007a03da300000,0x00007a03da304000] with protection modes 0
Event: 4,585 Protecting memory [0x00007a03aaa00000,0x00007a03aaa04000] with protection modes 0

Nmethod flushes (20 events):
Event: 2,884 Thread 0x00007a03d413df90 flushing  nmethod 0x00007a03bcdb6708
Event: 2,884 Thread 0x00007a03d413df90 flushing  nmethod 0x00007a03bcdb7708
Event: 2,884 Thread 0x00007a03d413df90 flushing  nmethod 0x00007a03bcdb7a08
Event: 2,884 Thread 0x00007a03d413df90 flushing  nmethod 0x00007a03bce3ea88
Event: 2,884 Thread 0x00007a03d413df90 flushing  nmethod 0x00007a03bcc13088
Event: 2,884 Thread 0x00007a03d413df90 flushing  nmethod 0x00007a03bcc14088
Event: 2,884 Thread 0x00007a03d413df90 flushing  nmethod 0x00007a03bcc18b88
Event: 2,884 Thread 0x00007a03d413df90 flushing  nmethod 0x00007a03bcc1b508
Event: 2,884 Thread 0x00007a03d413df90 flushing  nmethod 0x00007a03bcc1e888
Event: 2,884 Thread 0x00007a03d413df90 flushing  nmethod 0x00007a03bcc1ef08
Event: 2,884 Thread 0x00007a03d413df90 flushing  nmethod 0x00007a03bcd83d88
Event: 2,884 Thread 0x00007a03d413df90 flushing  nmethod 0x00007a03bcea0808
Event: 2,884 Thread 0x00007a03d413df90 flushing  nmethod 0x00007a03bcf15808
Event: 2,884 Thread 0x00007a03d413df90 flushing  nmethod 0x00007a03bcf17208
Event: 2,884 Thread 0x00007a03d413df90 flushing  nmethod 0x00007a03bcf17c08
Event: 2,884 Thread 0x00007a03d413df90 flushing  nmethod 0x00007a03bcf18308
Event: 2,884 Thread 0x00007a03d413df90 flushing  nmethod 0x00007a03bcf78988
Event: 2,884 Thread 0x00007a03d413df90 flushing  nmethod 0x00007a03bcf78f88
Event: 2,884 Thread 0x00007a03d413df90 flushing  nmethod 0x00007a03bcf7cf08
Event: 2,884 Thread 0x00007a03d413df90 flushing  nmethod 0x00007a03bcf7f488

Events (20 events):
Event: 3,396 Thread 0x00007a02e80024e0 Thread added: 0x00007a02e1e442f0
Event: 3,396 Thread 0x00007a02e80024e0 Thread added: 0x00007a02e1e455a0
Event: 3,396 Thread 0x00007a02e80024e0 Thread added: 0x00007a02e1e46850
Event: 3,396 Thread 0x00007a02e80024e0 Thread added: 0x00007a02e1e479d0
Event: 3,398 Thread 0x00007a02e80024e0 Thread added: 0x00007a02e1e4a810
Event: 3,399 Thread 0x00007a02e80024e0 Thread added: 0x00007a02e1e51000
Event: 3,412 Thread 0x00007a02e80024e0 Thread exited: 0x00007a02e80024e0
Event: 3,413 Thread 0x00007a03d46d3f10 Thread exited: 0x00007a03d46d3f10
Event: 3,413 Thread 0x00007a03d402df20 Thread exited: 0x00007a03d402df20
Event: 3,413 Thread 0x00007a03d402df20 Thread added: 0x00007a03d402df20
Event: 4,469 Thread 0x00007a02f4164cb0 Thread exited: 0x00007a02f4164cb0
Event: 4,469 Thread 0x00007a0288001860 Thread exited: 0x00007a0288001860
Event: 4,470 Thread 0x00007a02f4168700 Thread exited: 0x00007a02f4168700
Event: 4,470 Thread 0x00007a030c0d57a0 Thread exited: 0x00007a030c0d57a0
Event: 4,585 Thread 0x00007a03181169a0 Thread added: 0x00007a02f44d7150
Event: 7,387 Thread 0x00007a02e0e05760 Thread exited: 0x00007a02e0e05760
Event: 8,982 Thread 0x00007a02f44d7150 Thread exited: 0x00007a02f44d7150
Event: 8,982 Thread 0x00007a03181169a0 Thread exited: 0x00007a03181169a0
Event: 9,382 Thread 0x00007a030c07e2d0 Thread exited: 0x00007a030c07e2d0
Event: 10,383 Thread 0x00007a0318054f20 Thread exited: 0x00007a0318054f20


Dynamic libraries:
60bc00000-60fc00000 rw-p 00000000 00:00 0 
60fc00000-627c00000 ---p 00000000 00:00 0 
627c00000-628400000 rw-p 00000000 00:00 0 
628400000-62b000000 ---p 00000000 00:00 0 
62b000000-62b400000 rw-p 00000000 00:00 0 
62b400000-7ffc00000 ---p 00000000 00:00 0 
7ffc00000-7ffd1f000 rw-p 00dbd000 00:29 3501410                          /home/hiroshi/.asdf/installs/java/openjdk-23/lib/server/classes.jsa
7ffd1f000-800000000 rw-p 00000000 00:00 0 
5a71462bc000-5a71462bd000 r-xp 00000000 00:29 3500911                    /home/hiroshi/.asdf/installs/java/openjdk-23/bin/java
5a71462be000-5a71462bf000 r--p 00001000 00:29 3500911                    /home/hiroshi/.asdf/installs/java/openjdk-23/bin/java
5a71462bf000-5a71462c0000 rw-p 00002000 00:29 3500911                    /home/hiroshi/.asdf/installs/java/openjdk-23/bin/java
5a71463af000-5a71463f8000 rw-p 00000000 00:00 0                          [heap]
7a0204000000-7a0204021000 rw-p 00000000 00:00 0 
7a0204021000-7a0208000000 ---p 00000000 00:00 0 
7a0208000000-7a0208021000 rw-p 00000000 00:00 0 
7a0208021000-7a020c000000 ---p 00000000 00:00 0 
7a0210000000-7a0210021000 rw-p 00000000 00:00 0 
7a0210021000-7a0214000000 ---p 00000000 00:00 0 
7a0214000000-7a0214021000 rw-p 00000000 00:00 0 
7a0214021000-7a0218000000 ---p 00000000 00:00 0 
7a021c000000-7a021c021000 rw-p 00000000 00:00 0 
7a021c021000-7a0220000000 ---p 00000000 00:00 0 
7a0220000000-7a0220021000 rw-p 00000000 00:00 0 
7a0220021000-7a0224000000 ---p 00000000 00:00 0 
7a0228000000-7a0228021000 rw-p 00000000 00:00 0 
7a0228021000-7a022c000000 ---p 00000000 00:00 0 
7a022c000000-7a022c021000 rw-p 00000000 00:00 0 
7a022c021000-7a0230000000 ---p 00000000 00:00 0 
7a0234000000-7a0234021000 rw-p 00000000 00:00 0 
7a0234021000-7a0238000000 ---p 00000000 00:00 0 
7a0238000000-7a0238021000 rw-p 00000000 00:00 0 
7a0238021000-7a023c000000 ---p 00000000 00:00 0 
7a0240000000-7a0240021000 rw-p 00000000 00:00 0 
7a0240021000-7a0244000000 ---p 00000000 00:00 0 
7a0244000000-7a02440cf000 rw-p 00000000 00:00 0 
7a02440cf000-7a0248000000 ---p 00000000 00:00 0 
7a024c000000-7a024c021000 rw-p 00000000 00:00 0 
7a024c021000-7a0250000000 ---p 00000000 00:00 0 
7a0250000000-7a0250021000 rw-p 00000000 00:00 0 
7a0250021000-7a0254000000 ---p 00000000 00:00 0 
7a0258000000-7a0258021000 rw-p 00000000 00:00 0 
7a0258021000-7a025c000000 ---p 00000000 00:00 0 
7a025c000000-7a025c021000 rw-p 00000000 00:00 0 
7a025c021000-7a0260000000 ---p 00000000 00:00 0 
7a0264000000-7a0264021000 rw-p 00000000 00:00 0 
7a0264021000-7a0268000000 ---p 00000000 00:00 0 
7a0268000000-7a0268021000 rw-p 00000000 00:00 0 
7a0268021000-7a026c000000 ---p 00000000 00:00 0 
7a0270000000-7a0270021000 rw-p 00000000 00:00 0 
7a0270021000-7a0274000000 ---p 00000000 00:00 0 
7a0274000000-7a0274021000 rw-p 00000000 00:00 0 
7a0274021000-7a0278000000 ---p 00000000 00:00 0 
7a027c000000-7a027c021000 rw-p 00000000 00:00 0 
7a027c021000-7a0280000000 ---p 00000000 00:00 0 
7a0280000000-7a0281258000 rw-p 00000000 00:00 0 
7a0281258000-7a0284000000 ---p 00000000 00:00 0 
7a0288000000-7a02894b6000 rw-p 00000000 00:00 0 
7a02894b6000-7a028c000000 ---p 00000000 00:00 0 
7a028c000000-7a028c02c000 rw-p 00000000 00:00 0 
7a028c02c000-7a0290000000 ---p 00000000 00:00 0 
7a0294000000-7a02942ad000 rw-p 00000000 00:00 0 
7a02942ad000-7a0298000000 ---p 00000000 00:00 0 
7a0298000000-7a02985bf000 rw-p 00000000 00:00 0 
7a02985bf000-7a029c000000 ---p 00000000 00:00 0 
7a02a0000000-7a02a0021000 rw-p 00000000 00:00 0 
7a02a0021000-7a02a4000000 ---p 00000000 00:00 0 
7a02a4000000-7a02a4021000 rw-p 00000000 00:00 0 
7a02a4021000-7a02a8000000 ---p 00000000 00:00 0 
7a02ac000000-7a02ac021000 rw-p 00000000 00:00 0 
7a02ac021000-7a02b0000000 ---p 00000000 00:00 0 
7a02b0000000-7a02b0021000 rw-p 00000000 00:00 0 
7a02b0021000-7a02b4000000 ---p 00000000 00:00 0 
7a02b8000000-7a02b8021000 rw-p 00000000 00:00 0 
7a02b8021000-7a02bc000000 ---p 00000000 00:00 0 
7a02bc000000-7a02bc021000 rw-p 00000000 00:00 0 
7a02bc021000-7a02c0000000 ---p 00000000 00:00 0 
7a02c4000000-7a02c4021000 rw-p 00000000 00:00 0 
7a02c4021000-7a02c8000000 ---p 00000000 00:00 0 
7a02c8000000-7a02c8021000 rw-p 00000000 00:00 0 
7a02c8021000-7a02cc000000 ---p 00000000 00:00 0 
7a02d0000000-7a02d0021000 rw-p 00000000 00:00 0 
7a02d0021000-7a02d4000000 ---p 00000000 00:00 0 
7a02d4000000-7a02d4021000 rw-p 00000000 00:00 0 
7a02d4021000-7a02d8000000 ---p 00000000 00:00 0 
7a02dc000000-7a02dc021000 rw-p 00000000 00:00 0 
7a02dc021000-7a02e0000000 ---p 00000000 00:00 0 
7a02e0000000-7a02e1e59000 rw-p 00000000 00:00 0 
7a02e1e59000-7a02e4000000 ---p 00000000 00:00 0 
7a02e8000000-7a02e8021000 rw-p 00000000 00:00 0 
7a02e8021000-7a02ec000000 ---p 00000000 00:00 0 
7a02ec000000-7a02ed274000 rw-p 00000000 00:00 0 
7a02ed274000-7a02f0000000 ---p 00000000 00:00 0 
7a02f4000000-7a02f44da000 rw-p 00000000 00:00 0 
7a02f44da000-7a02f8000000 ---p 00000000 00:00 0 
7a02f8000000-7a02f8021000 rw-p 00000000 00:00 0 
7a02f8021000-7a02fc000000 ---p 00000000 00:00 0 
7a0300000000-7a0300021000 rw-p 00000000 00:00 0 
7a0300021000-7a0304000000 ---p 00000000 00:00 0 
7a0304000000-7a03052a3000 rw-p 00000000 00:00 0 
7a03052a3000-7a0308000000 ---p 00000000 00:00 0 
7a030c000000-7a030c598000 rw-p 00000000 00:00 0 
7a030c598000-7a0310000000 ---p 00000000 00:00 0 
7a0310000000-7a0310021000 rw-p 00000000 00:00 0 
7a0310021000-7a0314000000 ---p 00000000 00:00 0 
7a0318000000-7a03186ef000 rw-p 00000000 00:00 0 
7a03186ef000-7a031c000000 ---p 00000000 00:00 0 
7a031c000000-7a031d5ef000 rw-p 00000000 00:00 0 
7a031d5ef000-7a0320000000 ---p 00000000 00:00 0 
7a0324000000-7a0324021000 rw-p 00000000 00:00 0 
7a0324021000-7a0328000000 ---p 00000000 00:00 0 
7a0328000000-7a0328021000 rw-p 00000000 00:00 0 
7a0328021000-7a032c000000 ---p 00000000 00:00 0 
7a0330000000-7a0330021000 rw-p 00000000 00:00 0 
7a0330021000-7a0334000000 ---p 00000000 00:00 0 
7a0334000000-7a0334021000 rw-p 00000000 00:00 0 
7a0334021000-7a0338000000 ---p 00000000 00:00 0 
7a033c000000-7a033c021000 rw-p 00000000 00:00 0 
7a033c021000-7a0340000000 ---p 00000000 00:00 0 
7a0340000000-7a0340021000 rw-p 00000000 00:00 0 
7a0340021000-7a0344000000 ---p 00000000 00:00 0 
7a0348000000-7a03483f0000 rw-p 00000000 00:00 0 
7a03483f0000-7a03488f0000 rw-p 00000000 00:00 0 
7a03488f0000-7a03489f0000 rw-p 00000000 00:00 0 
7a03489f0000-7a0348d30000 rw-p 00000000 00:00 0 
7a0348d30000-7a0348d70000 rw-p 00000000 00:00 0 
7a0348d70000-7a0348ef0000 rw-p 00000000 00:00 0 
7a0348ef0000-7a0348ff0000 rw-p 00000000 00:00 0 
7a0348ff0000-7a03493b0000 rw-p 00000000 00:00 0 
7a03493b0000-7a03493f0000 rw-p 00000000 00:00 0 
7a03493f0000-7a0349570000 rw-p 00000000 00:00 0 
7a0349570000-7a03495f0000 rw-p 00000000 00:00 0 
7a03495f0000-7a0349af0000 rw-p 00000000 00:00 0 
7a0349af0000-7a0349bf0000 rw-p 00000000 00:00 0 
7a0349bf0000-7a0349ff0000 rw-p 00000000 00:00 0 
7a0349ff0000-7a034a1b0000 rw-p 00000000 00:00 0 
7a034a1b0000-7a034a1f0000 rw-p 00000000 00:00 0 
7a034a1f0000-7a034a8f0000 rw-p 00000000 00:00 0 
7a034a8f0000-7a034a9d0000 rw-p 00000000 00:00 0 
7a034a9d0000-7a034aa00000 ---p 00000000 00:00 0 
7a034aa00000-7a034bbc0000 rw-p 00000000 00:00 0 
7a034bbc0000-7a034c000000 ---p 00000000 00:00 0 
7a034c000000-7a034c17e000 rw-p 00000000 00:00 0 
7a034c17e000-7a0350000000 ---p 00000000 00:00 0 
7a0352000000-7a0352d8e000 rw-p 00001000 00:29 3501410                    /home/hiroshi/.asdf/installs/java/openjdk-23/lib/server/classes.jsa
7a0352d8e000-7a0353000000 ---p 00000000 00:00 0 
7a0353000000-7a0353030000 rw-p 00000000 00:00 0 
7a0353030000-7a03530b0000 rw-p 00000000 00:00 0 
7a03530b0000-7a03530f0000 rw-p 00000000 00:00 0 
7a03530f0000-7a0353230000 rw-p 00000000 00:00 0 
7a0353230000-7a0353270000 rw-p 00000000 00:00 0 
7a0353270000-7a03533b0000 rw-p 00000000 00:00 0 
7a03533b0000-7a03533f0000 rw-p 00000000 00:00 0 
7a03533f0000-7a03539f0000 rw-p 00000000 00:00 0 
7a03539f0000-7a0393000000 ---p 00000000 00:00 0 
7a0394000000-7a0394021000 rw-p 00000000 00:00 0 
7a0394021000-7a0398000000 ---p 00000000 00:00 0 
7a0398000000-7a0398021000 rw-p 00000000 00:00 0 
7a0398021000-7a039c000000 ---p 00000000 00:00 0 
7a039fc00000-7a039fec8000 rw-p 00000000 00:00 0 
7a03a0000000-7a03a0021000 rw-p 00000000 00:00 0 
7a03a0021000-7a03a4000000 ---p 00000000 00:00 0 
7a03a4000000-7a03a4021000 rw-p 00000000 00:00 0 
7a03a4021000-7a03a8000000 ---p 00000000 00:00 0 
7a03a82f2000-7a03a82f6000 ---p 00000000 00:00 0 
7a03a82f6000-7a03a83f2000 rw-p 00000000 00:00 0 
7a03a83f2000-7a03a83f6000 ---p 00000000 00:00 0 
7a03a83f6000-7a03a84f2000 rw-p 00000000 00:00 0 
7a03a84f2000-7a03a84f6000 ---p 00000000 00:00 0 
7a03a84f6000-7a03a85f2000 rw-p 00000000 00:00 0 
7a03a85f2000-7a03a85f6000 ---p 00000000 00:00 0 
7a03a85f6000-7a03a86f2000 rw-p 00000000 00:00 0 
7a03a86f2000-7a03a86f6000 ---p 00000000 00:00 0 
7a03a86f6000-7a03a87f2000 rw-p 00000000 00:00 0 
7a03a87f2000-7a03a87f6000 ---p 00000000 00:00 0 
7a03a87f6000-7a03a88f2000 rw-p 00000000 00:00 0 
7a03a88f2000-7a03a88f6000 ---p 00000000 00:00 0 
7a03a88f6000-7a03a89f2000 rw-p 00000000 00:00 0 
7a03a89f2000-7a03a89f6000 ---p 00000000 00:00 0 
7a03a89f6000-7a03a8af2000 rw-p 00000000 00:00 0 
7a03a8af2000-7a03a8af6000 ---p 00000000 00:00 0 
7a03a8af6000-7a03a8bf2000 rw-p 00000000 00:00 0 
7a03a8bf2000-7a03a8bf6000 ---p 00000000 00:00 0 
7a03a8bf6000-7a03a8cf2000 rw-p 00000000 00:00 0 
7a03a8cf2000-7a03a8cf6000 ---p 00000000 00:00 0 
7a03a8cf6000-7a03a8df2000 rw-p 00000000 00:00 0 
7a03a8df2000-7a03a8df6000 ---p 00000000 00:00 0 
7a03a8df6000-7a03a8ef2000 rw-p 00000000 00:00 0 
7a03a8ef2000-7a03a8ef6000 ---p 00000000 00:00 0 
7a03a8ef6000-7a03a8ff2000 rw-p 00000000 00:00 0 
7a03a8ff2000-7a03a8ff6000 ---p 00000000 00:00 0 
7a03a8ff6000-7a03a90f2000 rw-p 00000000 00:00 0 
7a03a90f2000-7a03a90f6000 ---p 00000000 00:00 0 
7a03a90f6000-7a03a91f2000 rw-p 00000000 00:00 0 
7a03a91f2000-7a03a91f6000 ---p 00000000 00:00 0 
7a03a91f6000-7a03a92f2000 rw-p 00000000 00:00 0 
7a03a92f2000-7a03a92f6000 ---p 00000000 00:00 0 
7a03a92f6000-7a03a93f2000 rw-p 00000000 00:00 0 
7a03a93f2000-7a03a93f6000 ---p 00000000 00:00 0 
7a03a93f6000-7a03a94f2000 rw-p 00000000 00:00 0 
7a03a94f2000-7a03a94f3000 ---p 00000000 00:00 0 
7a03a94f3000-7a03a95f3000 rw-p 00000000 00:00 0 
7a03a95f3000-7a03a95f4000 ---p 00000000 00:00 0 
7a03a95f4000-7a03a96f4000 rw-p 00000000 00:00 0 
7a03a96f4000-7a03a96f5000 ---p 00000000 00:00 0 
7a03a96f5000-7a03a97f5000 rw-p 00000000 00:00 0 
7a03a97f5000-7a03a97f9000 ---p 00000000 00:00 0 
7a03a97f9000-7a03a98f5000 rw-p 00000000 00:00 0 
7a03a98f5000-7a03a98f9000 ---p 00000000 00:00 0 
7a03a98f9000-7a03a99f5000 rw-p 00000000 00:00 0 
7a03a99f5000-7a03a99f9000 ---p 00000000 00:00 0 
7a03a99f9000-7a03a9af5000 rw-p 00000000 00:00 0 
7a03a9af5000-7a03a9af9000 ---p 00000000 00:00 0 
7a03a9af9000-7a03a9bf5000 rw-p 00000000 00:00 0 
7a03a9bf5000-7a03a9bf9000 ---p 00000000 00:00 0 
7a03a9bf9000-7a03a9cf5000 rw-p 00000000 00:00 0 
7a03a9cf5000-7a03a9cf6000 ---p 00000000 00:00 0 
7a03a9cf6000-7a03a9df6000 rw-p 00000000 00:00 0 
7a03a9df6000-7a03a9df7000 ---p 00000000 00:00 0 
7a03a9df7000-7a03a9ef7000 rw-p 00000000 00:00 0 
7a03a9ef7000-7a03a9ef8000 ---p 00000000 00:00 0 
7a03a9ef8000-7a03a9ff8000 rw-p 00000000 00:00 0 
7a03a9ff8000-7a03a9ff9000 ---p 00000000 00:00 0 
7a03a9ff9000-7a03aa0f9000 rw-p 00000000 00:00 0 
7a03aa0f9000-7a03aa0fa000 ---p 00000000 00:00 0 
7a03aa0fa000-7a03aa1fa000 rw-p 00000000 00:00 0 
7a03aa1fa000-7a03aa1fb000 ---p 00000000 00:00 0 
7a03aa1fb000-7a03aa2fb000 rw-p 00000000 00:00 0 
7a03aa2fb000-7a03aa2fc000 ---p 00000000 00:00 0 
7a03aa2fc000-7a03aa3fc000 rw-p 00000000 00:00 0 
7a03aa3fc000-7a03aa3fd000 ---p 00000000 00:00 0 
7a03aa3fd000-7a03aa4fd000 rw-p 00000000 00:00 0 
7a03aa4fd000-7a03aa4fe000 ---p 00000000 00:00 0 
7a03aa4fe000-7a03aa5fe000 rw-p 00000000 00:00 0 
7a03aa5fe000-7a03aa5ff000 ---p 00000000 00:00 0 
7a03aa5ff000-7a03aa6ff000 rw-p 00000000 00:00 0 
7a03aa6ff000-7a03aa700000 ---p 00000000 00:00 0 
7a03aa700000-7a03aa800000 rw-p 00000000 00:00 0 
7a03aa800000-7a03aa804000 ---p 00000000 00:00 0 
7a03aa804000-7a03aa900000 rw-p 00000000 00:00 0 
7a03aa900000-7a03aa904000 ---p 00000000 00:00 0 
7a03aa904000-7a03aaa00000 rw-p 00000000 00:00 0 
7a03aaa00000-7a03aaa04000 ---p 00000000 00:00 0 
7a03aaa04000-7a03aab00000 rw-p 00000000 00:00 0 
7a03aab00000-7a03aab04000 ---p 00000000 00:00 0 
7a03aab04000-7a03aac00000 rw-p 00000000 00:00 0 
7a03aac00000-7a03aac04000 ---p 00000000 00:00 0 
7a03aac04000-7a03aad00000 rw-p 00000000 00:00 0 
7a03aad00000-7a03aad04000 ---p 00000000 00:00 0 
7a03aad04000-7a03aae00000 rw-p 00000000 00:00 0 
7a03aae00000-7a03aae04000 ---p 00000000 00:00 0 
7a03aae04000-7a03aaf00000 rw-p 00000000 00:00 0 
7a03aaf00000-7a03aaf04000 ---p 00000000 00:00 0 
7a03aaf04000-7a03ab000000 rw-p 00000000 00:00 0 
7a03ab000000-7a03abf06000 r--p 00000000 00:1b 14599                      /usr/lib/locale/locale-archive
7a03ac000000-7a03ac021000 rw-p 00000000 00:00 0 
7a03ac021000-7a03b0000000 ---p 00000000 00:00 0 
7a03b001f000-7a03b0023000 ---p 00000000 00:00 0 
7a03b0023000-7a03b011f000 rw-p 00000000 00:00 0 
7a03b011f000-7a03b01ed000 r-xp 00000000 00:29 3501384                    /home/hiroshi/.asdf/installs/java/openjdk-23/lib/libjsvml.so
7a03b01ed000-7a03b01ee000 r--p 000cd000 00:29 3501384                    /home/hiroshi/.asdf/installs/java/openjdk-23/lib/libjsvml.so
7a03b01ee000-7a03b01ef000 rw-p 000ce000 00:29 3501384                    /home/hiroshi/.asdf/installs/java/openjdk-23/lib/libjsvml.so
7a03b01ef000-7a03b01f3000 ---p 00000000 00:00 0 
7a03b01f3000-7a03b02ef000 rw-p 00000000 00:00 0 
7a03b02ef000-7a03b02f3000 ---p 00000000 00:00 0 
7a03b02f3000-7a03b03ef000 rw-p 00000000 00:00 0 
7a03b03ef000-7a03b03f3000 ---p 00000000 00:00 0 
7a03b03f3000-7a03b04ef000 rw-p 00000000 00:00 0 
7a03b04ef000-7a03b04f3000 ---p 00000000 00:00 0 
7a03b04f3000-7a03b05ef000 rw-p 00000000 00:00 0 
7a03b05ef000-7a03b05f3000 ---p 00000000 00:00 0 
7a03b05f3000-7a03b06ef000 rw-p 00000000 00:00 0 
7a03b06ef000-7a03b06f3000 ---p 00000000 00:00 0 
7a03b06f3000-7a03b07ef000 rw-p 00000000 00:00 0 
7a03b07ef000-7a03b07f3000 ---p 00000000 00:00 0 
7a03b07f3000-7a03b08ef000 rw-p 00000000 00:00 0 
7a03b08ef000-7a03b08f0000 ---p 00000000 00:00 0 
7a03b08f0000-7a03b09f0000 rw-p 00000000 00:00 0 
7a03b09f0000-7a03b09f1000 ---p 00000000 00:00 0 
7a03b09f1000-7a03b0af1000 rw-p 00000000 00:00 0 
7a03b0af1000-7a03b0af2000 ---p 00000000 00:00 0 
7a03b0af2000-7a03b0bf2000 rw-p 00000000 00:00 0 
7a03b0bf2000-7a03b0bf3000 ---p 00000000 00:00 0 
7a03b0bf3000-7a03b0cf3000 rw-p 00000000 00:00 0 
7a03b0cf3000-7a03b3b00000 rw-p 00000000 00:00 0 
7a03b3b00000-7a03b4100000 ---p 00000000 00:00 0 
7a03b4100000-7a03b4120000 rw-p 00000000 00:00 0 
7a03b4120000-7a03b41d0000 ---p 00000000 00:00 0 
7a03b41d0000-7a03b41e0000 rw-p 00000000 00:00 0 
7a03b41e0000-7a03bb700000 ---p 00000000 00:00 0 
7a03bb700000-7a03bb710000 rw-p 00000000 00:00 0 
7a03bb73e000-7a03bb77c000 r-xp 00000000 00:29 3501396                    /home/hiroshi/.asdf/installs/java/openjdk-23/lib/libsimdsort.so
7a03bb77c000-7a03bb77d000 ---p 0003e000 00:29 3501396                    /home/hiroshi/.asdf/installs/java/openjdk-23/lib/libsimdsort.so
7a03bb77d000-7a03bb77e000 r--p 0003e000 00:29 3501396                    /home/hiroshi/.asdf/installs/java/openjdk-23/lib/libsimdsort.so
7a03bb77e000-7a03bb77f000 rw-p 0003f000 00:29 3501396                    /home/hiroshi/.asdf/installs/java/openjdk-23/lib/libsimdsort.so
7a03bb77f000-7a03bb820000 rw-p 00000000 00:00 0 
7a03bb820000-7a03bb8e0000 ---p 00000000 00:00 0 
7a03bb8e0000-7a03bb8e4000 rw-p 00000000 00:00 0 
7a03bb8e4000-7a03bb8fa000 ---p 00000000 00:00 0 
7a03bb8fa000-7a03bb8fc000 rw-p 00000000 00:00 0 
7a03bb8fc000-7a03bc7a0000 ---p 00000000 00:00 0 
7a03bc7a0000-7a03bc7a2000 rw-p 00000000 00:00 0 
7a03bc7a5000-7a03bc800000 rw-p 00000000 00:00 0 
7a03bc800000-7a03bd170000 rwxp 00000000 00:00 0 
7a03bd170000-7a03c3c5f000 ---p 00000000 00:00 0 
7a03c3c5f000-7a03c3fdf000 rwxp 00000000 00:00 0 
7a03c3fdf000-7a03c439f000 ---p 00000000 00:00 0 
7a03c439f000-7a03c471f000 rwxp 00000000 00:00 0 
7a03c471f000-7a03cb800000 ---p 00000000 00:00 0 
7a03cb800000-7a03d3fa3000 r--s 00000000 00:29 3501401                    /home/hiroshi/.asdf/installs/java/openjdk-23/lib/modules
7a03d3fbf000-7a03d4000000 rw-p 00000000 00:00 0 
7a03d4000000-7a03d46db000 rw-p 00000000 00:00 0 
7a03d46db000-7a03d8000000 ---p 00000000 00:00 0 
7a03d803d000-7a03d803e000 ---p 00000000 00:00 0 
7a03d803e000-7a03d813e000 rw-p 00000000 00:00 0 
7a03d813e000-7a03d813f000 ---p 00000000 00:00 0 
7a03d813f000-7a03d823f000 rw-p 00000000 00:00 0 
7a03d823f000-7a03d8240000 ---p 00000000 00:00 0 
7a03d8240000-7a03d8340000 rw-p 00000000 00:00 0 
7a03d8340000-7a03d8420000 rw-p 00000000 00:00 0 
7a03d8420000-7a03d84e0000 ---p 00000000 00:00 0 
7a03d84e0000-7a03d84e4000 rw-p 00000000 00:00 0 
7a03d84e4000-7a03d84fa000 ---p 00000000 00:00 0 
7a03d84fa000-7a03d84fc000 rw-p 00000000 00:00 0 
7a03d84fc000-7a03d93a0000 ---p 00000000 00:00 0 
7a03d93a0000-7a03d93a2000 rw-p 00000000 00:00 0 
7a03d93a7000-7a03d93ae000 r--s 00000000 00:1b 31126                      /usr/lib/x86_64-linux-gnu/gconv/gconv-modules.cache
7a03d93ae000-7a03d93bb000 r-xp 00000000 00:29 3501399                    /home/hiroshi/.asdf/installs/java/openjdk-23/lib/libverify.so
7a03d93bb000-7a03d93bd000 r--p 0000c000 00:29 3501399                    /home/hiroshi/.asdf/installs/java/openjdk-23/lib/libverify.so
7a03d93bd000-7a03d93be000 rw-p 0000e000 00:29 3501399                    /home/hiroshi/.asdf/installs/java/openjdk-23/lib/libverify.so
7a03d93be000-7a03d93c3000 r-xp 00000000 00:29 3501388                    /home/hiroshi/.asdf/installs/java/openjdk-23/lib/libmanagement_ext.so
7a03d93c3000-7a03d93c4000 ---p 00005000 00:29 3501388                    /home/hiroshi/.asdf/installs/java/openjdk-23/lib/libmanagement_ext.so
7a03d93c4000-7a03d93c5000 r--p 00005000 00:29 3501388                    /home/hiroshi/.asdf/installs/java/openjdk-23/lib/libmanagement_ext.so
7a03d93c5000-7a03d93c6000 rw-p 00006000 00:29 3501388                    /home/hiroshi/.asdf/installs/java/openjdk-23/lib/libmanagement_ext.so
7a03d93c6000-7a03d93ca000 r-xp 00000000 00:29 3501386                    /home/hiroshi/.asdf/installs/java/openjdk-23/lib/libmanagement.so
7a03d93ca000-7a03d93cb000 r--p 00003000 00:29 3501386                    /home/hiroshi/.asdf/installs/java/openjdk-23/lib/libmanagement.so
7a03d93cb000-7a03d93cc000 rw-p 00004000 00:29 3501386                    /home/hiroshi/.asdf/installs/java/openjdk-23/lib/libmanagement.so
7a03d93cc000-7a03d93df000 r-xp 00000000 00:29 3501391                    /home/hiroshi/.asdf/installs/java/openjdk-23/lib/libnio.so
7a03d93df000-7a03d93e0000 ---p 00013000 00:29 3501391                    /home/hiroshi/.asdf/installs/java/openjdk-23/lib/libnio.so
7a03d93e0000-7a03d93e1000 r--p 00013000 00:29 3501391                    /home/hiroshi/.asdf/installs/java/openjdk-23/lib/libnio.so
7a03d93e1000-7a03d93e2000 rw-p 00014000 00:29 3501391                    /home/hiroshi/.asdf/installs/java/openjdk-23/lib/libnio.so
7a03d93e2000-7a03da135000 rw-p 00000000 00:00 0 
7a03da135000-7a03da217000 ---p 00000000 00:00 0 
7a03da217000-7a03da22a000 rw-p 00000000 00:00 0 
7a03da22a000-7a03da300000 ---p 00000000 00:00 0 
7a03da300000-7a03da304000 ---p 00000000 00:00 0 
7a03da304000-7a03da400000 rw-p 00000000 00:00 0 
7a03da400000-7a03db738000 r-xp 00000000 00:29 3501413                    /home/hiroshi/.asdf/installs/java/openjdk-23/lib/server/libjvm.so
7a03db738000-7a03db739000 ---p 01338000 00:29 3501413                    /home/hiroshi/.asdf/installs/java/openjdk-23/lib/server/libjvm.so
7a03db739000-7a03db809000 r--p 01338000 00:29 3501413                    /home/hiroshi/.asdf/installs/java/openjdk-23/lib/server/libjvm.so
7a03db809000-7a03db837000 rw-p 01408000 00:29 3501413                    /home/hiroshi/.asdf/installs/java/openjdk-23/lib/server/libjvm.so
7a03db837000-7a03db8ad000 rw-p 00000000 00:00 0 
7a03db8af000-7a03db8b1000 r-xp 00000000 00:29 3501369                    /home/hiroshi/.asdf/installs/java/openjdk-23/lib/libextnet.so
7a03db8b1000-7a03db8b2000 r--p 00001000 00:29 3501369                    /home/hiroshi/.asdf/installs/java/openjdk-23/lib/libextnet.so
7a03db8b2000-7a03db8b3000 rw-p 00002000 00:29 3501369                    /home/hiroshi/.asdf/installs/java/openjdk-23/lib/libextnet.so
7a03db8b3000-7a03db8be000 r-xp 00000000 00:29 3501390                    /home/hiroshi/.asdf/installs/java/openjdk-23/lib/libnet.so
7a03db8be000-7a03db8bf000 ---p 0000b000 00:29 3501390                    /home/hiroshi/.asdf/installs/java/openjdk-23/lib/libnet.so
7a03db8bf000-7a03db8c0000 r--p 0000b000 00:29 3501390                    /home/hiroshi/.asdf/installs/java/openjdk-23/lib/libnet.so
7a03db8c0000-7a03db8c1000 rw-p 0000c000 00:29 3501390                    /home/hiroshi/.asdf/installs/java/openjdk-23/lib/libnet.so
7a03db8c1000-7a03db8c8000 r-xp 00000000 00:29 3501400                    /home/hiroshi/.asdf/installs/java/openjdk-23/lib/libzip.so
7a03db8c8000-7a03db8c9000 ---p 00007000 00:29 3501400                    /home/hiroshi/.asdf/installs/java/openjdk-23/lib/libzip.so
7a03db8c9000-7a03db8ca000 r--p 00007000 00:29 3501400                    /home/hiroshi/.asdf/installs/java/openjdk-23/lib/libzip.so
7a03db8ca000-7a03db8cb000 rw-p 00008000 00:29 3501400                    /home/hiroshi/.asdf/installs/java/openjdk-23/lib/libzip.so
7a03db8cb000-7a03db911000 rw-p 00000000 00:00 0 
7a03db911000-7a03db919000 ---p 00000000 00:00 0 
7a03db919000-7a03db927000 r--p 00000000 00:1b 29285                      /usr/lib/x86_64-linux-gnu/libm.so.6
7a03db927000-7a03db9a3000 r-xp 0000e000 00:1b 29285                      /usr/lib/x86_64-linux-gnu/libm.so.6
7a03db9a3000-7a03db9fe000 r--p 0008a000 00:1b 29285                      /usr/lib/x86_64-linux-gnu/libm.so.6
7a03db9fe000-7a03db9ff000 r--p 000e4000 00:1b 29285                      /usr/lib/x86_64-linux-gnu/libm.so.6
7a03db9ff000-7a03dba00000 rw-p 000e5000 00:1b 29285                      /usr/lib/x86_64-linux-gnu/libm.so.6
7a03dba00000-7a03dba28000 r--p 00000000 00:1b 28558                      /usr/lib/x86_64-linux-gnu/libc.so.6
7a03dba28000-7a03dbbbd000 r-xp 00028000 00:1b 28558                      /usr/lib/x86_64-linux-gnu/libc.so.6
7a03dbbbd000-7a03dbc15000 r--p 001bd000 00:1b 28558                      /usr/lib/x86_64-linux-gnu/libc.so.6
7a03dbc15000-7a03dbc16000 ---p 00215000 00:1b 28558                      /usr/lib/x86_64-linux-gnu/libc.so.6
7a03dbc16000-7a03dbc1a000 r--p 00215000 00:1b 28558                      /usr/lib/x86_64-linux-gnu/libc.so.6
7a03dbc1a000-7a03dbc1c000 rw-p 00219000 00:1b 28558                      /usr/lib/x86_64-linux-gnu/libc.so.6
7a03dbc1c000-7a03dbc29000 rw-p 00000000 00:00 0 
7a03dbc2a000-7a03dbc49000 r-xp 00000000 00:29 3501376                    /home/hiroshi/.asdf/installs/java/openjdk-23/lib/libjava.so
7a03dbc49000-7a03dbc4a000 ---p 0001f000 00:29 3501376                    /home/hiroshi/.asdf/installs/java/openjdk-23/lib/libjava.so
7a03dbc4a000-7a03dbc4b000 r--p 0001f000 00:29 3501376                    /home/hiroshi/.asdf/installs/java/openjdk-23/lib/libjava.so
7a03dbc4b000-7a03dbc4c000 rw-p 00020000 00:29 3501376                    /home/hiroshi/.asdf/installs/java/openjdk-23/lib/libjava.so
7a03dbc4c000-7a03dbc4d000 rw-p 00000000 00:00 0 
7a03dbc4d000-7a03dbc6b000 r-xp 00000000 00:29 3501380                    /home/hiroshi/.asdf/installs/java/openjdk-23/lib/libjimage.so
7a03dbc6b000-7a03dbc6d000 r--p 0001d000 00:29 3501380                    /home/hiroshi/.asdf/installs/java/openjdk-23/lib/libjimage.so
7a03dbc6d000-7a03dbc6e000 rw-p 0001f000 00:29 3501380                    /home/hiroshi/.asdf/installs/java/openjdk-23/lib/libjimage.so
7a03dbc6e000-7a03dbc6f000 r--p 00000000 00:1b 29641                      /usr/lib/x86_64-linux-gnu/librt.so.1
7a03dbc6f000-7a03dbc70000 r-xp 00001000 00:1b 29641                      /usr/lib/x86_64-linux-gnu/librt.so.1
7a03dbc70000-7a03dbc71000 r--p 00002000 00:1b 29641                      /usr/lib/x86_64-linux-gnu/librt.so.1
7a03dbc71000-7a03dbc72000 r--p 00002000 00:1b 29641                      /usr/lib/x86_64-linux-gnu/librt.so.1
7a03dbc72000-7a03dbc73000 rw-p 00003000 00:1b 29641                      /usr/lib/x86_64-linux-gnu/librt.so.1
7a03dbc73000-7a03dbc77000 rw-p 00000000 00:00 0 
7a03dbc77000-7a03dbc78000 r--p 00000000 00:1b 29581                      /usr/lib/x86_64-linux-gnu/libpthread.so.0
7a03dbc78000-7a03dbc79000 r-xp 00001000 00:1b 29581                      /usr/lib/x86_64-linux-gnu/libpthread.so.0
7a03dbc79000-7a03dbc7a000 r--p 00002000 00:1b 29581                      /usr/lib/x86_64-linux-gnu/libpthread.so.0
7a03dbc7a000-7a03dbc7b000 r--p 00002000 00:1b 29581                      /usr/lib/x86_64-linux-gnu/libpthread.so.0
7a03dbc7b000-7a03dbc7c000 rw-p 00003000 00:1b 29581                      /usr/lib/x86_64-linux-gnu/libpthread.so.0
7a03dbc7c000-7a03dbc7d000 r--p 00000000 00:1b 28716                      /usr/lib/x86_64-linux-gnu/libdl.so.2
7a03dbc7d000-7a03dbc7e000 r-xp 00001000 00:1b 28716                      /usr/lib/x86_64-linux-gnu/libdl.so.2
7a03dbc7e000-7a03dbc7f000 r--p 00002000 00:1b 28716                      /usr/lib/x86_64-linux-gnu/libdl.so.2
7a03dbc7f000-7a03dbc80000 r--p 00002000 00:1b 28716                      /usr/lib/x86_64-linux-gnu/libdl.so.2
7a03dbc80000-7a03dbc81000 rw-p 00003000 00:1b 28716                      /usr/lib/x86_64-linux-gnu/libdl.so.2
7a03dbc81000-7a03dbc83000 r--p 00000000 00:1b 30045                      /usr/lib/x86_64-linux-gnu/libz.so.1.2.11
7a03dbc83000-7a03dbc94000 r-xp 00002000 00:1b 30045                      /usr/lib/x86_64-linux-gnu/libz.so.1.2.11
7a03dbc94000-7a03dbc9a000 r--p 00013000 00:1b 30045                      /usr/lib/x86_64-linux-gnu/libz.so.1.2.11
7a03dbc9a000-7a03dbc9b000 ---p 00019000 00:1b 30045                      /usr/lib/x86_64-linux-gnu/libz.so.1.2.11
7a03dbc9b000-7a03dbc9c000 r--p 00019000 00:1b 30045                      /usr/lib/x86_64-linux-gnu/libz.so.1.2.11
7a03dbc9c000-7a03dbc9d000 rw-p 0001a000 00:1b 30045                      /usr/lib/x86_64-linux-gnu/libz.so.1.2.11
7a03dbc9f000-7a03dbca7000 rw-s 00000000 00:1b 2114704                    /tmp/hsperfdata_hiroshi/808577
7a03dbca7000-7a03dbcb1000 r-xp 00000000 00:29 3501371                    /home/hiroshi/.asdf/installs/java/openjdk-23/lib/libinstrument.so
7a03dbcb1000-7a03dbcb2000 r--p 00009000 00:29 3501371                    /home/hiroshi/.asdf/installs/java/openjdk-23/lib/libinstrument.so
7a03dbcb2000-7a03dbcb3000 rw-p 0000a000 00:29 3501371                    /home/hiroshi/.asdf/installs/java/openjdk-23/lib/libinstrument.so
7a03dbcb3000-7a03dbcb4000 ---p 00000000 00:00 0 
7a03dbcb4000-7a03dbcb5000 r--p 00000000 00:00 0 
7a03dbcb5000-7a03dbcc4000 r-xp 00000000 00:29 3501381                    /home/hiroshi/.asdf/installs/java/openjdk-23/lib/libjli.so
7a03dbcc4000-7a03dbcc5000 r--p 0000e000 00:29 3501381                    /home/hiroshi/.asdf/installs/java/openjdk-23/lib/libjli.so
7a03dbcc5000-7a03dbcc6000 rw-p 0000f000 00:29 3501381                    /home/hiroshi/.asdf/installs/java/openjdk-23/lib/libjli.so
7a03dbcc6000-7a03dbcc8000 rw-p 00000000 00:00 0 
7a03dbcc8000-7a03dbcca000 r--p 00000000 00:1b 28186                      /usr/lib/x86_64-linux-gnu/ld-linux-x86-64.so.2
7a03dbcca000-7a03dbcf4000 r-xp 00002000 00:1b 28186                      /usr/lib/x86_64-linux-gnu/ld-linux-x86-64.so.2
7a03dbcf4000-7a03dbcff000 r--p 0002c000 00:1b 28186                      /usr/lib/x86_64-linux-gnu/ld-linux-x86-64.so.2
7a03dbcff000-7a03dbd00000 ---p 00000000 00:00 0 
7a03dbd00000-7a03dbd02000 r--p 00037000 00:1b 28186                      /usr/lib/x86_64-linux-gnu/ld-linux-x86-64.so.2
7a03dbd02000-7a03dbd04000 rw-p 00039000 00:1b 28186                      /usr/lib/x86_64-linux-gnu/ld-linux-x86-64.so.2
7ffc0f256000-7ffc0f279000 rw-p 00000000 00:00 0                          [stack]
7ffc0f3e6000-7ffc0f3ea000 r--p 00000000 00:00 0                          [vvar]
7ffc0f3ea000-7ffc0f3ec000 r-xp 00000000 00:00 0                          [vdso]
ffffffffff600000-ffffffffff601000 --xp 00000000 00:00 0                  [vsyscall]
Total number of mappings: 426


VM Arguments:
jvm_args: -javaagent:/home/hiroshi/.local/share/JetBrains/Toolbox/apps/intellij-idea-community-edition/lib/idea_rt.jar=44635:/home/hiroshi/.local/share/JetBrains/Toolbox/apps/intellij-idea-community-edition/bin -Dfile.encoding=UTF-8 -Dsun.stdout.encoding=UTF-8 -Dsun.stderr.encoding=UTF-8 
java_command: com.hiroshi.spring_api.SpringApiApplication
java_class_path (initial): /home/hiroshi/www/studying/spring-api-study/target/classes:/home/hiroshi/.m2/repository/org/springframework/boot/spring-boot-starter-data-jpa/3.4.1/spring-boot-starter-data-jpa-3.4.1.jar:/home/hiroshi/.m2/repository/org/springframework/boot/spring-boot-starter/3.4.1/spring-boot-starter-3.4.1.jar:/home/hiroshi/.m2/repository/org/springframework/boot/spring-boot-starter-logging/3.4.1/spring-boot-starter-logging-3.4.1.jar:/home/hiroshi/.m2/repository/ch/qos/logback/logback-classic/1.5.12/logback-classic-1.5.12.jar:/home/hiroshi/.m2/repository/ch/qos/logback/logback-core/1.5.12/logback-core-1.5.12.jar:/home/hiroshi/.m2/repository/org/apache/logging/log4j/log4j-to-slf4j/2.24.3/log4j-to-slf4j-2.24.3.jar:/home/hiroshi/.m2/repository/org/apache/logging/log4j/log4j-api/2.24.3/log4j-api-2.24.3.jar:/home/hiroshi/.m2/repository/org/slf4j/jul-to-slf4j/2.0.16/jul-to-slf4j-2.0.16.jar:/home/hiroshi/.m2/repository/jakarta/annotation/jakarta.annotation-api/2.1.1/jakarta.annotation-api-2.1.1.jar:/home/hiroshi/.m2/repository/org/yaml/snakeyaml/2.3/snakeyaml-2.3.jar:/home/hiroshi/.m2/repository/org/springframework/boot/spring-boot-starter-jdbc/3.4.1/spring-boot-starter-jdbc-3.4.1.jar:/home/hiroshi/.m2/repository/com/zaxxer/HikariCP/5.1.0/HikariCP-5.1.0.jar:/home/hiroshi/.m2/repository/org/springframework/spring-jdbc/6.2.1/spring-jdbc-6.2.1.jar:/home/hiroshi/.m2/repository/org/hibernate/orm/hibernate-core/6.6.4.Final/hibernate-core-6.6.4.Final.jar:/home/hiroshi/.m2/repository/jakarta/persistence/jakarta.persistence-api/3.1.0/jakarta.persistence-api-3.1.0.jar:/home/hiroshi/.m2/repository/jakarta/transaction/jakarta.transaction-api/2.0.1/jakarta.transaction-api-2.0.1.jar:/home/hiroshi/.m2/repository/org/jboss/logging/jboss-logging/3.6.1.Final/jboss-logging-3.6.1.Final.jar:/home/hiroshi/.m2/repository/org/hibernate/common/hibernate-commons-annotations/7.0.3.Final/hibernate-commons-annotations-7.0.3.Final.jar:/home/hiroshi/.m2/repository/io/smallrye/jandex/3.2.0/jandex-3.2.0.jar:/home/hiroshi/.m2/repository/com/fasterxml/classmate/1.7.0/classmate-1.7.0.jar:/home/hiroshi/.m2/repository/net/bytebuddy/byte-buddy/1.15.11/byte-buddy-1.15.11.jar:/home/hiroshi/.m2/repository/org/glassfish/jaxb/jaxb-runtime/4.0.5/jaxb-runtime-4.0.5.jar:/home/hiroshi/.m2/repository/org/glassfish/jaxb/jaxb-core/4.0.5/jaxb-core-4.0.5.jar:/home/hiroshi/.m2/repository/org/eclipse/angus/angus-activation/2.0.2/angus-activation-2.0.2.jar:/home/hiroshi/.m2/repository/org/glassfish/jaxb/txw2/4.0.5/txw2-4.0.5.jar:/home/hiroshi/.m2/repository/com/sun/istack/istack-commons-runtime/4.1.2/istack-commons-runtime-4.1.2.jar:/home/hiroshi/.m2/repository/jakarta/inject/jakarta.inject-api/2.0.1/jakarta.inject-api-2.0.1.jar:/home/hiroshi/.m2/repository/org/antlr/antlr4-runtime/4.13.0/antlr4-runtime-4.13.0.jar:/home/hiroshi/.m2/repository/org/springframework/data/spring-data-jpa/3.4.1/spring-data-jpa-3.4.1.jar:/home/hiroshi/.m2/repository/org/springframework/data/spring-data-commons/3.4.1/spring-data-commons-3.4.1.jar:/home/hiroshi/.m2/repository/org/springframework/spring-orm/6.2.1/spring-orm-6.2.1.jar:/home/hiroshi/.m2/repository/org/springframework/spring-context/6.2.1/spring-context-6.2.1.jar:/home/hiroshi/.m2/repository/org/springframework/spring-tx/6.2.1/spring-tx-6.2.1.jar:/home/hiroshi/.m2/repository/org/springframework/spring-beans/6.2.1/spring-beans-6.2.1.jar:/home/hiroshi/.m2/repository/org/slf4j/slf4j-api/2.0.16/slf4j-api-2.0.16.jar:/home/hiroshi/.m2/repository/org/springframework/spring-aspects/6.2.1/spring-aspects-6.2.1.jar:/home/hiroshi/.m2/repository/org/aspectj/aspectjweaver/1.9.22.1/aspectjweaver-1.9.22.1.jar:/home/hiroshi/.m2/repository/org/springframework/boot/spring-boot-starter-validation/3.4.1/spring-boot-starter-validation-3.4.1.jar:/home/hiroshi/.m2/repository/org/apache/tomcat/embed/tomcat-embed-el/10.1.34/tomcat-embed-el-10.1.34.jar:/home/hiroshi/.m2/repository/org/hibernate/validator/hibernate-validator/8.0.2.Final/hibernate-validator-8.0.2.Final.jar:/home/hiroshi/.m2/repository/jakarta/validation/jakarta.validation-api/3.0.2/jakarta.validation-api-3.0.2.jar:/home/hiroshi/.m2/repository/org/springframework/boot/spring-boot-starter-security/3.4.1/spring-boot-starter-security-3.4.1.jar:/home/hiroshi/.m2/repository/org/springframework/spring-aop/6.2.1/spring-aop-6.2.1.jar:/home/hiroshi/.m2/repository/org/springframework/security/spring-security-config/6.4.2/spring-security-config-6.4.2.jar:/home/hiroshi/.m2/repository/org/springframework/security/spring-security-web/6.4.2/spring-security-web-6.4.2.jar:/home/hiroshi/.m2/repository/org/springframework/spring-expression/6.2.1/spring-expression-6.2.1.jar:/home/hiroshi/.m2/repository/org/springframework/boot/spring-boot-starter-web/3.4.1/spring-boot-starter-web-3.4.1.jar:/home/hiroshi/.m2/repository/org/springframework/boot/spring-boot-starter-json/3.4.1/spring-boot-starter-json-3.4.1.jar:/home/hiroshi/.m2/repository/com/fasterxml/jackson/core/jackson-databind/2.18.2/jackson-databind-2.18.2.jar:/home/hiroshi/.m2/repository/com/fasterxml/jackson/datatype/jackson-datatype-jdk8/2.18.2/jackson-datatype-jdk8-2.18.2.jar:/home/hiroshi/.m2/repository/com/fasterxml/jackson/module/jackson-module-parameter-names/2.18.2/jackson-module-parameter-names-2.18.2.jar:/home/hiroshi/.m2/repository/org/springframework/boot/spring-boot-starter-tomcat/3.4.1/spring-boot-starter-tomcat-3.4.1.jar:/home/hiroshi/.m2/repository/org/apache/tomcat/embed/tomcat-embed-core/10.1.34/tomcat-embed-core-10.1.34.jar:/home/hiroshi/.m2/repository/org/apache/tomcat/embed/tomcat-embed-websocket/10.1.34/tomcat-embed-websocket-10.1.34.jar:/home/hiroshi/.m2/repository/org/springframework/spring-web/6.2.1/spring-web-6.2.1.jar:/home/hiroshi/.m2/repository/io/micrometer/micrometer-observation/1.14.2/micrometer-observation-1.14.2.jar:/home/hiroshi/.m2/repository/io/micrometer/micrometer-commons/1.14.2/micrometer-commons-1.14.2.jar:/home/hiroshi/.m2/repository/org/springframework/spring-webmvc/6.2.1/spring-webmvc-6.2.1.jar:/home/hiroshi/.m2/repository/org/springframework/boot/spring-boot-starter-websocket/3.4.1/spring-boot-starter-websocket-3.4.1.jar:/home/hiroshi/.m2/repository/org/springframework/spring-messaging/6.2.1/spring-messaging-6.2.1.jar:/home/hiroshi/.m2/repository/org/springframework/spring-websocket/6.2.1/spring-websocket-6.2.1.jar:/home/hiroshi/.m2/repository/org/flywaydb/flyway-core/10.20.1/flyway-core-10.20.1.jar:/home/hiroshi/.m2/repository/com/fasterxml/jackson/dataformat/jackson-dataformat-toml/2.18.2/jackson-dataformat-toml-2.18.2.jar:/home/hiroshi/.m2/repository/com/fasterxml/jackson/core/jackson-core/2.18.2/jackson-core-2.18.2.jar:/home/hiroshi/.m2/repository/com/fasterxml/jackson/datatype/jackson-datatype-jsr310/2.18.2/jackson-datatype-jsr310-2.18.2.jar:/home/hiroshi/.m2/repository/com/fasterxml/jackson/core/jackson-annotations/2.18.2/jackson-annotations-2.18.2.jar:/home/hiroshi/.m2/repository/org/flywaydb/flyway-database-postgresql/10.20.1/flyway-database-postgresql-10.20.1.jar:/home/hiroshi/.m2/repository/org/springframework/boot/spring-boot-devtools/3.4.1/spring-boot-devtools-3.4.1.jar:/home/hiroshi/.m2/repository/org/springframework/boot/spring-boot/3.4.1/spring-boot-3.4.1.jar:/home/hiroshi/.m2/repository/org/springframework/boot/spring-boot-autoconfigure/3.4.1/spring-boot-autoconfigure-3.4.1.jar:/home/hiroshi/.m2/repository/org/postgresql/postgresql/42.7.4/postgresql-42.7.4.jar:/home/hiroshi/.m2/repository/org/checkerframework/checker-qual/3.42.0/checker-qual-3.42.0.jar:/home/hiroshi/.m2/repository/org/projectlombok/lombok/1.18.36/lombok-1.18.36.jar:/home/hiroshi/.m2/repository/jakarta/xml/bind/jakarta.xml.bind-api/4.0.2/jakarta.xml.bind-api-4.0.2.jar:/home/hiroshi/.m2/repository/jakarta/activation/jakarta.activation-api/2.1.3/jakarta.activation-api-2.1.3.jar:/home/hiroshi/.m2/repository/org/springframework/spring-core/6.2.1/spring-core-6.2.1.jar:/home/hiroshi/.m2/repository/org/springframework/spring-jcl/6.2.1/spring-jcl-6.2.1.jar:/home/hiroshi/.m2/repository/org/springframework/security/spring-security-core/6.4.2/spring-security-core-6.4.2.jar:/home/hiroshi/.m2/repository/org/springframework/security/spring-security-crypto/6.4.2/spring-security-crypto-6.4.2.jar
Launcher Type: SUN_STANDARD

[Global flags]
     intx CICompilerCount                          = 12                                        {product} {ergonomic}
     uint ConcGCThreads                            = 3                                         {product} {ergonomic}
     uint G1ConcRefinementThreads                  = 13                                        {product} {ergonomic}
   size_t G1HeapRegionSize                         = 4194304                                   {product} {ergonomic}
   size_t InitialHeapSize                          = 528482304                                 {product} {ergonomic}
   size_t MarkStackSize                            = 4194304                                   {product} {ergonomic}
   size_t MarkStackSizeMax                         = 536870912                                 {product} {ergonomic}
   size_t MaxHeapSize                              = 8392802304                                {product} {ergonomic}
   size_t MaxNewSize                               = 5033164800                                {product} {ergonomic}
   size_t MinHeapDeltaBytes                        = 4194304                                   {product} {ergonomic}
   size_t MinHeapSize                              = 8388608                                   {product} {ergonomic}
    uintx NonNMethodCodeHeapSize                   = 7602176                                {pd product} {ergonomic}
    uintx NonProfiledCodeHeapSize                  = 122032128                              {pd product} {ergonomic}
    uintx ProfiledCodeHeapSize                     = 122023936                              {pd product} {ergonomic}
    uintx ReservedCodeCacheSize                    = 251658240                              {pd product} {ergonomic}
     bool SegmentedCodeCache                       = true                                      {product} {ergonomic}
   size_t SoftMaxHeapSize                          = 8392802304                             {manageable} {ergonomic}
     bool UseCompressedOops                        = true                           {product lp64_product} {ergonomic}
     bool UseG1GC                                  = true                                      {product} {ergonomic}

Logging:
Log output configuration:
 #0: stdout all=warning uptime,level,tags foldmultilines=false
 #1: stderr all=off uptime,level,tags foldmultilines=false

Environment Variables:
PATH=/home/hiroshi/.cargo/bin:/home/hiroshi/.local/bin:/usr/local/sbin:/usr/local/bin:/usr/sbin:/usr/bin:/sbin:/bin:/usr/games:/usr/local/games:/snap/bin:/snap/bin:/home/hiroshi/.local/share/JetBrains/Toolbox/scripts
USERNAME=hiroshi
SHELL=/usr/bin/zsh
DISPLAY=:0
LANG=en_US.UTF-8
LC_CTYPE=pt_BR.UTF-8
LC_NUMERIC=pt_BR.UTF-8
LC_TIME=pt_BR.UTF-8

Active Locale:
LC_ALL=LC_CTYPE=pt_BR.UTF-8;LC_NUMERIC=pt_BR.UTF-8;LC_TIME=pt_BR.UTF-8;LC_COLLATE=en_US.UTF-8;LC_MONETARY=pt_BR.UTF-8;LC_MESSAGES=en_US.UTF-8;LC_PAPER=pt_BR.UTF-8;LC_NAME=pt_BR.UTF-8;LC_ADDRESS=pt_BR.UTF-8;LC_TELEPHONE=pt_BR.UTF-8;LC_MEASUREMENT=pt_BR.UTF-8;LC_IDENTIFICATION=pt_BR.UTF-8
LC_COLLATE=en_US.UTF-8
LC_CTYPE=pt_BR.UTF-8
LC_MESSAGES=en_US.UTF-8
LC_MONETARY=pt_BR.UTF-8
LC_NUMERIC=pt_BR.UTF-8
LC_TIME=pt_BR.UTF-8

Signal Handlers:
   SIGSEGV: crash_handler in libjvm.so, mask=11100100010111111101111111111110, flags=SA_RESTART|SA_SIGINFO, unblocked
    SIGBUS: crash_handler in libjvm.so, mask=11100100010111111101111111111110, flags=SA_RESTART|SA_SIGINFO, unblocked
    SIGFPE: crash_handler in libjvm.so, mask=11100100010111111101111111111110, flags=SA_RESTART|SA_SIGINFO, unblocked
   SIGPIPE: javaSignalHandler in libjvm.so, mask=11100100010111111101111111111110, flags=SA_RESTART|SA_SIGINFO, blocked
   SIGXFSZ: javaSignalHandler in libjvm.so, mask=11100100010111111101111111111110, flags=SA_RESTART|SA_SIGINFO, blocked
    SIGILL: crash_handler in libjvm.so, mask=11100100010111111101111111111110, flags=SA_RESTART|SA_SIGINFO, unblocked
   SIGUSR2: SR_handler in libjvm.so, mask=00000000000000000000000000000000, flags=SA_RESTART|SA_SIGINFO, blocked
    SIGHUP: UserHandler in libjvm.so, mask=11100100010111111101111111111110, flags=SA_RESTART|SA_SIGINFO, blocked
    SIGINT: UserHandler in libjvm.so, mask=11100100010111111101111111111110, flags=SA_RESTART|SA_SIGINFO, blocked
   SIGTERM: UserHandler in libjvm.so, mask=11100100010111111101111111111110, flags=SA_RESTART|SA_SIGINFO, blocked
   SIGQUIT: UserHandler in libjvm.so, mask=11100100010111111101111111111110, flags=SA_RESTART|SA_SIGINFO, blocked
   SIGTRAP: crash_handler in libjvm.so, mask=11100100010111111101111111111110, flags=SA_RESTART|SA_SIGINFO, unblocked


Periodic native trim disabled

---------------  S Y S T E M  ---------------

OS:
DISTRIB_ID=Zorin
DISTRIB_RELEASE=17
DISTRIB_CODENAME=jammy
DISTRIB_DESCRIPTION="Zorin OS 17.2"
uname: Linux 6.8.0-49-generic #49~22.04.1-Ubuntu SMP PREEMPT_DYNAMIC Wed Nov  6 17:42:15 UTC 2 x86_64
OS uptime: 7 days 22:46 hours
libc: glibc 2.35 NPTL 2.35 
rlimit (soft/hard): STACK 8192k/infinity , CORE 0k/infinity , NPROC 127395/127395 , NOFILE 1048576/1048576 , AS infinity/infinity , CPU infinity/infinity , DATA infinity/infinity , FSIZE infinity/infinity , MEMLOCK 4097984k/4097984k
load average: 1,46 1,20 1,33

/proc/meminfo:
MemTotal:       32783884 kB
MemFree:          401400 kB
MemAvailable:    9987892 kB
Buffers:              28 kB
Cached:          9863052 kB
SwapCached:        13808 kB
Active:         13510096 kB
Inactive:       17314444 kB
Active(anon):   10688136 kB
Inactive(anon): 10471320 kB
Active(file):    2821960 kB
Inactive(file):  6843124 kB
Unevictable:          96 kB
Mlocked:              96 kB
SwapTotal:        976892 kB
SwapFree:            148 kB
Zswap:                 0 kB
Zswapped:              0 kB
Dirty:              1384 kB
Writeback:             0 kB
AnonPages:      20948140 kB
Mapped:          2039228 kB
Shmem:            197848 kB
KReclaimable:     394520 kB
Slab:             842344 kB
SReclaimable:     394520 kB
SUnreclaim:       447824 kB
KernelStack:       41440 kB
PageTables:       141748 kB
SecPageTables:         0 kB
NFS_Unstable:          0 kB
Bounce:                0 kB
WritebackTmp:          0 kB
CommitLimit:    17368832 kB
Committed_AS:   56393704 kB
VmallocTotal:   34359738367 kB
VmallocUsed:       92908 kB
VmallocChunk:          0 kB
Percpu:            15744 kB
HardwareCorrupted:     0 kB
AnonHugePages:         0 kB
ShmemHugePages:        0 kB
ShmemPmdMapped:        0 kB
FileHugePages:         0 kB
FilePmdMapped:         0 kB
Unaccepted:            0 kB
HugePages_Total:       0
HugePages_Free:        0
HugePages_Rsvd:        0
HugePages_Surp:        0
Hugepagesize:       2048 kB
Hugetlb:               0 kB
DirectMap4k:     2423028 kB
DirectMap2M:    27906048 kB
DirectMap1G:     3145728 kB

/sys/kernel/mm/transparent_hugepage/enabled: always [madvise] never
/sys/kernel/mm/transparent_hugepage/hpage_pmd_size: 2097152
/sys/kernel/mm/transparent_hugepage/shmem_enabled: always within_size advise [never] deny force
/sys/kernel/mm/transparent_hugepage/defrag (defrag/compaction efforts parameter): always defer defer+madvise [madvise] never

Process Memory:
Virtual Size: 14040712K (peak: 14040712K)
Resident Set Size: 371300K (peak: 373080K) (anon: 345828K, file: 25472K, shmem: 0K)
Swapped out: 0K
C-Heap outstanding allocations: 79782K, retained: 118025K
glibc malloc tunables: (default)

/proc/sys/kernel/threads-max (system-wide limit on the number of threads): 254790
/proc/sys/vm/max_map_count (maximum number of memory map areas a process may have): 65530
/proc/sys/vm/swappiness (control to define how aggressively the kernel swaps out anonymous memory): 60
/proc/sys/kernel/pid_max (system-wide limit on number of process identifiers): 4194304

container (cgroup) information:
container_type: cgroupv2
cpu_cpuset_cpus: not supported
cpu_memory_nodes: not supported
active_processor_count: 16
cpu_quota: not supported
cpu_period: not supported
cpu_shares: not supported
memory_limit_in_bytes: unlimited
memory_and_swap_limit_in_bytes: unlimited
memory_soft_limit_in_bytes: 0
memory_usage_in_bytes: 9191708 k
memory_max_usage_in_bytes: not supported
rss_usage_in_bytes: 4559636 k
cache_usage_in_bytes: 4528264 k
memory_swap_current_in_bytes: 756 k
memory_swap_max_limit_in_bytes: unlimited
maximum number of tasks: 38218
current number of tasks: 570

Steal ticks since vm start: 0
Steal ticks percentage since vm start:  0,000

CPU: total 16 (initial active 16) (8 cores per cpu, 2 threads per core) family 6 model 165 stepping 5 microcode 0xfc, cx8, cmov, fxsr, ht, mmx, 3dnowpref, sse, sse2, sse3, ssse3, sse4.1, sse4.2, popcnt, lzcnt, tsc, tscinvbit, avx, avx2, aes, erms, clmul, bmi1, bmi2, adx, fma, vzeroupper, clflush, clflushopt, rdtscp, f16c, pku, ospke
CPU Model and flags from /proc/cpuinfo:
model name	: Intel(R) Core(TM) i7-10700F CPU @ 2.90GHz
flags		: fpu vme de pse tsc msr pae mce cx8 apic sep mtrr pge mca cmov pat pse36 clflush dts acpi mmx fxsr sse sse2 ss ht tm pbe syscall nx pdpe1gb rdtscp lm constant_tsc art arch_perfmon pebs bts rep_good nopl xtopology nonstop_tsc cpuid aperfmperf pni pclmulqdq dtes64 monitor ds_cpl vmx est tm2 ssse3 sdbg fma cx16 xtpr pdcm pcid sse4_1 sse4_2 x2apic movbe popcnt tsc_deadline_timer aes xsave avx f16c rdrand lahf_lm abm 3dnowprefetch cpuid_fault ssbd ibrs ibpb stibp ibrs_enhanced tpr_shadow flexpriority ept vpid ept_ad fsgsbase tsc_adjust bmi1 avx2 smep bmi2 erms invpcid mpx rdseed adx smap clflushopt intel_pt xsaveopt xsavec xgetbv1 xsaves dtherm ida arat pln pts hwp hwp_notify hwp_act_window hwp_epp vnmi pku ospke md_clear flush_l1d arch_capabilities

Online cpus: 0-15
Offline cpus: 
BIOS frequency limitation: <Not Available>
Frequency switch latency (ns): 0
Available cpu frequencies: <Not Available>
Current governor: powersave
Core performance/turbo boost: <Not Available>

Memory: 4k page, physical 32783884k(9987892k free), swap 976892k(148k free)
Page Sizes: 4k

vm_info: OpenJDK 64-Bit Server VM (23+36-2368) for linux-amd64 JRE (23+36-2368), built on 2024-08-07T16:58:30Z with gcc 13.2.0

END.
